*** Starting uWSGI 2.0.14 (64bit) on [Thu Feb 23 16:49:18 2017] ***
compiled with version: 5.4.0 20160609 on 23 February 2017 16:01:15
os: Linux-4.4.0-62-generic #83-Ubuntu SMP Wed Jan 18 14:10:15 UTC 2017
nodename: ubuntu
machine: x86_64
clock source: unix
pcre jit disabled
detected number of CPU cores: 1
current working directory: /home/django
writing pidfile to /home/django/uwsgi/myproject.pid
detected binary path: /usr/local/bin/uwsgi
group nginx not found.
*** Starting uWSGI 2.0.14 (64bit) on [Thu Feb 23 16:54:50 2017] ***
compiled with version: 5.4.0 20160609 on 23 February 2017 16:01:15
os: Linux-4.4.0-62-generic #83-Ubuntu SMP Wed Jan 18 14:10:15 UTC 2017
nodename: ubuntu
machine: x86_64
clock source: unix
pcre jit disabled
detected number of CPU cores: 1
current working directory: /usr/local
writing pidfile to /home/django/uwsgi/myproject.pid
detected binary path: /usr/local/bin/uwsgi
group nginx not found.
*** Starting uWSGI 2.0.14 (64bit) on [Thu Feb 23 16:55:29 2017] ***
compiled with version: 5.4.0 20160609 on 23 February 2017 16:01:15
os: Linux-4.4.0-62-generic #83-Ubuntu SMP Wed Jan 18 14:10:15 UTC 2017
nodename: ubuntu
machine: x86_64
clock source: unix
pcre jit disabled
detected number of CPU cores: 1
current working directory: /usr/local
writing pidfile to /home/django/uwsgi/myproject.pid
detected binary path: /usr/local/bin/uwsgi
group nginx not found.
*** Starting uWSGI 2.0.14 (64bit) on [Thu Feb 23 17:06:17 2017] ***
compiled with version: 5.4.0 20160609 on 23 February 2017 16:01:15
os: Linux-4.4.0-62-generic #83-Ubuntu SMP Wed Jan 18 14:10:15 UTC 2017
nodename: ubuntu
machine: x86_64
clock source: unix
pcre jit disabled
detected number of CPU cores: 1
current working directory: /home/django/uwsgi
writing pidfile to /home/django/uwsgi/myproject.pid
detected binary path: /usr/local/bin/uwsgi
group nginx not found.
*** Starting uWSGI 2.0.14 (64bit) on [Thu Feb 23 17:10:21 2017] ***
compiled with version: 5.4.0 20160609 on 23 February 2017 16:01:15
os: Linux-4.4.0-62-generic #83-Ubuntu SMP Wed Jan 18 14:10:15 UTC 2017
nodename: ubuntu
machine: x86_64
clock source: unix
pcre jit disabled
detected number of CPU cores: 1
current working directory: /home/django/uwsgi
writing pidfile to /home/django/uwsgi/myproject.pid
detected binary path: /usr/local/bin/uwsgi
group nginx not found.
*** Starting uWSGI 2.0.14 (64bit) on [Thu Feb 23 17:12:38 2017] ***
compiled with version: 5.4.0 20160609 on 23 February 2017 16:01:15
os: Linux-4.4.0-62-generic #83-Ubuntu SMP Wed Jan 18 14:10:15 UTC 2017
nodename: ubuntu
machine: x86_64
clock source: unix
pcre jit disabled
detected number of CPU cores: 1
current working directory: /home/django/uwsgi
writing pidfile to /home/django/uwsgi/myproject.pid
detected binary path: /usr/local/bin/uwsgi
group nginx not found.
*** Starting uWSGI 2.0.14 (64bit) on [Thu Feb 23 17:12:45 2017] ***
compiled with version: 5.4.0 20160609 on 23 February 2017 16:01:15
os: Linux-4.4.0-62-generic #83-Ubuntu SMP Wed Jan 18 14:10:15 UTC 2017
nodename: ubuntu
machine: x86_64
clock source: unix
pcre jit disabled
detected number of CPU cores: 1
current working directory: /home/django/uwsgi
writing pidfile to /home/django/uwsgi/myproject.pid
detected binary path: /usr/local/bin/uwsgi
group nginx not found.
*** Starting uWSGI 2.0.14 (64bit) on [Thu Feb 23 17:13:16 2017] ***
compiled with version: 5.4.0 20160609 on 23 February 2017 16:01:15
os: Linux-4.4.0-62-generic #83-Ubuntu SMP Wed Jan 18 14:10:15 UTC 2017
nodename: ubuntu
machine: x86_64
clock source: unix
pcre jit disabled
detected number of CPU cores: 1
current working directory: /home/django/uwsgi
writing pidfile to /home/django/uwsgi/myproject.pid
detected binary path: /usr/local/bin/uwsgi
group nginx not found.
*** Starting uWSGI 2.0.14 (64bit) on [Thu Feb 23 17:14:12 2017] ***
compiled with version: 5.4.0 20160609 on 23 February 2017 16:01:15
os: Linux-4.4.0-62-generic #83-Ubuntu SMP Wed Jan 18 14:10:15 UTC 2017
nodename: ubuntu
machine: x86_64
clock source: unix
pcre jit disabled
detected number of CPU cores: 1
current working directory: /home/django/uwsgi
writing pidfile to /home/django/uwsgi/myproject.pid
detected binary path: /usr/local/bin/uwsgi
group nginx not found.
*** Starting uWSGI 2.0.14 (64bit) on [Thu Feb 23 17:17:05 2017] ***
compiled with version: 5.4.0 20160609 on 23 February 2017 16:01:15
os: Linux-4.4.0-62-generic #83-Ubuntu SMP Wed Jan 18 14:10:15 UTC 2017
nodename: ubuntu
machine: x86_64
clock source: unix
pcre jit disabled
detected number of CPU cores: 1
current working directory: /home/django/uwsgi
writing pidfile to /home/django/uwsgi/myproject.pid
detected binary path: /usr/local/bin/uwsgi
group nginx not found.
*** Starting uWSGI 2.0.14 (64bit) on [Thu Feb 23 17:19:14 2017] ***
compiled with version: 5.4.0 20160609 on 23 February 2017 16:01:15
os: Linux-4.4.0-62-generic #83-Ubuntu SMP Wed Jan 18 14:10:15 UTC 2017
nodename: ubuntu
machine: x86_64
clock source: unix
pcre jit disabled
detected number of CPU cores: 1
current working directory: /home/django/uwsgi
writing pidfile to /home/django/uwsgi/myproject.pid
detected binary path: /usr/local/bin/uwsgi
group nginx not found.
*** Starting uWSGI 2.0.14 (64bit) on [Thu Feb 23 20:50:06 2017] ***
compiled with version: 5.4.0 20160609 on 23 February 2017 16:01:15
os: Linux-4.4.0-62-generic #83-Ubuntu SMP Wed Jan 18 14:10:15 UTC 2017
nodename: ubuntu
machine: x86_64
clock source: unix
pcre jit disabled
detected number of CPU cores: 1
current working directory: /home/django
writing pidfile to /home/django/uwsgi/myproject.pid
detected binary path: /usr/local/bin/uwsgi
setgid() to 33
setuid() to 33
chdir() to /home/django/mysite
your processes number limit is 3743
your memory page size is 4096 bytes
detected max file descriptor number: 1024
lock engine: pthread robust mutexes
thunder lock: disabled (you can enable it with --thunder-lock)
bind(): Permission denied [core/socket.c line 230]
*** Starting uWSGI 2.0.14 (64bit) on [Thu Feb 23 20:53:48 2017] ***
compiled with version: 5.4.0 20160609 on 23 February 2017 15:48:20
os: Linux-4.4.0-62-generic #83-Ubuntu SMP Wed Jan 18 14:10:15 UTC 2017
nodename: ubuntu
machine: x86_64
clock source: unix
pcre jit disabled
detected number of CPU cores: 1
current working directory: /home/django/myvenv/bin
writing pidfile to /home/django/uwsgi/myproject.pid
detected binary path: /home/django/myvenv/bin/uwsgi
setgid() to 33
setuid() to 33
chdir() to /home/django/mysite
your processes number limit is 3743
your memory page size is 4096 bytes
detected max file descriptor number: 1024
lock engine: pthread robust mutexes
thunder lock: disabled (you can enable it with --thunder-lock)
bind(): Permission denied [core/socket.c line 230]
*** Starting uWSGI 2.0.14 (64bit) on [Thu Feb 23 20:58:19 2017] ***
compiled with version: 5.4.0 20160609 on 23 February 2017 16:01:15
os: Linux-4.4.0-62-generic #83-Ubuntu SMP Wed Jan 18 14:10:15 UTC 2017
nodename: ubuntu
machine: x86_64
clock source: unix
pcre jit disabled
detected number of CPU cores: 1
current working directory: /tmp
writing pidfile to /home/django/uwsgi/myproject.pid
detected binary path: /usr/local/bin/uwsgi
setgid() to 33
setuid() to 33
chdir() to /home/django/mysite
your processes number limit is 3743
your memory page size is 4096 bytes
detected max file descriptor number: 1024
lock engine: pthread robust mutexes
thunder lock: disabled (you can enable it with --thunder-lock)
uwsgi socket 0 bound to UNIX address /tmp/myproject.sock fd 3
Python version: 2.7.12 (default, Nov 19 2016, 06:48:10)  [GCC 5.4.0 20160609]
Set PythonHome to /home/django/myvenv
ImportError: No module named site
*** Starting uWSGI 2.0.14 (64bit) on [Thu Feb 23 21:02:05 2017] ***
compiled with version: 5.4.0 20160609 on 23 February 2017 16:01:15
os: Linux-4.4.0-62-generic #83-Ubuntu SMP Wed Jan 18 14:10:15 UTC 2017
nodename: ubuntu
machine: x86_64
clock source: unix
pcre jit disabled
detected number of CPU cores: 1
current working directory: /tmp
writing pidfile to /home/django/uwsgi/myproject.pid
detected binary path: /usr/local/bin/uwsgi
setgid() to 33
setuid() to 33
chdir() to /home/django/mysite
your processes number limit is 3743
your memory page size is 4096 bytes
detected max file descriptor number: 1024
lock engine: pthread robust mutexes
thunder lock: disabled (you can enable it with --thunder-lock)
uwsgi socket 0 bound to UNIX address /tmp/myproject.sock fd 3
Python version: 2.7.12 (default, Nov 19 2016, 06:48:10)  [GCC 5.4.0 20160609]
Set PythonHome to /home/django/myvenv
ImportError: No module named site
*** Starting uWSGI 2.0.14 (64bit) on [Thu Feb 23 21:07:01 2017] ***
compiled with version: 5.4.0 20160609 on 23 February 2017 15:48:20
os: Linux-4.4.0-62-generic #83-Ubuntu SMP Wed Jan 18 14:10:15 UTC 2017
nodename: ubuntu
machine: x86_64
clock source: unix
pcre jit disabled
detected number of CPU cores: 1
current working directory: /tmp
writing pidfile to /home/django/uwsgi/myproject.pid
detected binary path: /home/django/myvenv/bin/uwsgi
setgid() to 33
setuid() to 33
chdir() to /home/django/mysite
your processes number limit is 3743
your memory page size is 4096 bytes
detected max file descriptor number: 1024
lock engine: pthread robust mutexes
thunder lock: disabled (you can enable it with --thunder-lock)
uwsgi socket 0 bound to UNIX address /tmp/myproject.sock fd 3
Python version: 3.5.2 (default, Nov 17 2016, 17:05:23)  [GCC 5.4.0 20160609]
PEP 405 virtualenv detected: /home/django/myvenv
Set PythonHome to /home/django/myvenv
*** Python threads support is disabled. You can enable it with --enable-threads ***
Python main interpreter initialized at 0x100caf0
your server socket listen backlog is limited to 100 connections
your mercy for graceful operations on workers is 60 seconds
mapped 145536 bytes (142 KB) for 1 cores
*** Operational MODE: single process ***
ImportError: No module named 'sitebase'
unable to load app 0 (mountpoint='') (callable not found or import error)
*** no app loaded. going in full dynamic mode ***
*** uWSGI is running in multiple interpreter mode ***
spawned uWSGI master process (pid: 61362)
spawned uWSGI worker 1 (pid: 61363, cores: 1)
--- no python application found, check your startup logs for errors ---
[pid: 61363|app: -1|req: -1/1] 192.168.126.1 () {44 vars in 813 bytes} [Thu Feb 23 21:07:07 2017] GET / => generated 21 bytes in 0 msecs (HTTP/1.1 500) 2 headers in 83 bytes (1 switches on core 0)
--- no python application found, check your startup logs for errors ---
[pid: 61363|app: -1|req: -1/2] 192.168.126.1 () {46 vars in 806 bytes} [Thu Feb 23 21:07:07 2017] GET /favicon.ico => generated 21 bytes in 0 msecs (HTTP/1.1 500) 2 headers in 83 bytes (1 switches on core 0)
--- no python application found, check your startup logs for errors ---
[pid: 61363|app: -1|req: -1/3] 192.168.126.1 () {44 vars in 813 bytes} [Thu Feb 23 21:07:11 2017] GET / => generated 21 bytes in 0 msecs (HTTP/1.1 500) 2 headers in 83 bytes (1 switches on core 0)
--- no python application found, check your startup logs for errors ---
[pid: 61363|app: -1|req: -1/4] 192.168.126.1 () {46 vars in 806 bytes} [Thu Feb 23 21:07:11 2017] GET /favicon.ico => generated 21 bytes in 0 msecs (HTTP/1.1 500) 2 headers in 83 bytes (1 switches on core 0)
--- no python application found, check your startup logs for errors ---
[pid: 61363|app: -1|req: -1/5] 192.168.126.1 () {44 vars in 813 bytes} [Thu Feb 23 21:07:11 2017] GET / => generated 21 bytes in 0 msecs (HTTP/1.1 500) 2 headers in 83 bytes (1 switches on core 0)
--- no python application found, check your startup logs for errors ---
[pid: 61363|app: -1|req: -1/6] 192.168.126.1 () {46 vars in 806 bytes} [Thu Feb 23 21:07:11 2017] GET /favicon.ico => generated 21 bytes in 0 msecs (HTTP/1.1 500) 2 headers in 83 bytes (1 switches on core 0)
--- no python application found, check your startup logs for errors ---
[pid: 61363|app: -1|req: -1/7] 192.168.126.1 () {44 vars in 813 bytes} [Thu Feb 23 21:07:12 2017] GET / => generated 21 bytes in 0 msecs (HTTP/1.1 500) 2 headers in 83 bytes (1 switches on core 0)
--- no python application found, check your startup logs for errors ---
[pid: 61363|app: -1|req: -1/8] 192.168.126.1 () {46 vars in 806 bytes} [Thu Feb 23 21:07:12 2017] GET /favicon.ico => generated 21 bytes in 0 msecs (HTTP/1.1 500) 2 headers in 83 bytes (1 switches on core 0)
--- no python application found, check your startup logs for errors ---
[pid: 61363|app: -1|req: -1/9] 192.168.126.1 () {44 vars in 813 bytes} [Thu Feb 23 21:08:03 2017] GET / => generated 21 bytes in 0 msecs (HTTP/1.1 500) 2 headers in 83 bytes (1 switches on core 0)
--- no python application found, check your startup logs for errors ---
[pid: 61363|app: -1|req: -1/10] 192.168.126.1 () {46 vars in 806 bytes} [Thu Feb 23 21:08:03 2017] GET /favicon.ico => generated 21 bytes in 0 msecs (HTTP/1.1 500) 2 headers in 83 bytes (1 switches on core 0)
--- no python application found, check your startup logs for errors ---
[pid: 61363|app: -1|req: -1/11] 192.168.126.1 () {44 vars in 813 bytes} [Thu Feb 23 21:12:51 2017] GET / => generated 21 bytes in 0 msecs (HTTP/1.1 500) 2 headers in 83 bytes (1 switches on core 0)
--- no python application found, check your startup logs for errors ---
[pid: 61363|app: -1|req: -1/12] 192.168.126.1 () {46 vars in 806 bytes} [Thu Feb 23 21:12:51 2017] GET /favicon.ico => generated 21 bytes in 0 msecs (HTTP/1.1 500) 2 headers in 83 bytes (1 switches on core 0)
--- no python application found, check your startup logs for errors ---
[pid: 61363|app: -1|req: -1/13] 192.168.126.1 () {44 vars in 813 bytes} [Thu Feb 23 21:12:52 2017] GET / => generated 21 bytes in 0 msecs (HTTP/1.1 500) 2 headers in 83 bytes (1 switches on core 0)
--- no python application found, check your startup logs for errors ---
[pid: 61363|app: -1|req: -1/14] 192.168.126.1 () {46 vars in 806 bytes} [Thu Feb 23 21:12:52 2017] GET /favicon.ico => generated 21 bytes in 0 msecs (HTTP/1.1 500) 2 headers in 83 bytes (1 switches on core 0)
--- no python application found, check your startup logs for errors ---
[pid: 61363|app: -1|req: -1/15] 192.168.126.1 () {44 vars in 813 bytes} [Thu Feb 23 21:12:52 2017] GET / => generated 21 bytes in 0 msecs (HTTP/1.1 500) 2 headers in 83 bytes (1 switches on core 0)
--- no python application found, check your startup logs for errors ---
[pid: 61363|app: -1|req: -1/16] 192.168.126.1 () {46 vars in 806 bytes} [Thu Feb 23 21:12:52 2017] GET /favicon.ico => generated 21 bytes in 0 msecs (HTTP/1.1 500) 2 headers in 83 bytes (1 switches on core 0)
--- no python application found, check your startup logs for errors ---
[pid: 61363|app: -1|req: -1/17] 192.168.126.1 () {44 vars in 813 bytes} [Thu Feb 23 21:12:52 2017] GET / => generated 21 bytes in 0 msecs (HTTP/1.1 500) 2 headers in 83 bytes (1 switches on core 0)
--- no python application found, check your startup logs for errors ---
[pid: 61363|app: -1|req: -1/18] 192.168.126.1 () {46 vars in 806 bytes} [Thu Feb 23 21:12:52 2017] GET /favicon.ico => generated 21 bytes in 0 msecs (HTTP/1.1 500) 2 headers in 83 bytes (1 switches on core 0)
--- no python application found, check your startup logs for errors ---
[pid: 61363|app: -1|req: -1/19] 192.168.126.1 () {44 vars in 813 bytes} [Thu Feb 23 21:12:52 2017] GET / => generated 21 bytes in 0 msecs (HTTP/1.1 500) 2 headers in 83 bytes (1 switches on core 0)
--- no python application found, check your startup logs for errors ---
[pid: 61363|app: -1|req: -1/20] 192.168.126.1 () {46 vars in 806 bytes} [Thu Feb 23 21:12:52 2017] GET /favicon.ico => generated 21 bytes in 0 msecs (HTTP/1.1 500) 2 headers in 83 bytes (1 switches on core 0)
*** Starting uWSGI 2.0.14 (64bit) on [Thu Feb 23 21:23:49 2017] ***
compiled with version: 5.4.0 20160609 on 23 February 2017 16:01:15
os: Linux-4.4.0-62-generic #83-Ubuntu SMP Wed Jan 18 14:10:15 UTC 2017
nodename: ubuntu
machine: x86_64
clock source: unix
pcre jit disabled
detected number of CPU cores: 1
current working directory: /home/django/uwsgi
writing pidfile to /home/django/uwsgi/myproject.pid
detected binary path: /usr/local/bin/uwsgi
chdir() to /home/django/mysite
your processes number limit is 3743
your memory page size is 4096 bytes
detected max file descriptor number: 1024
lock engine: pthread robust mutexes
thunder lock: disabled (you can enable it with --thunder-lock)
uwsgi socket 0 bound to UNIX address /tmp/myproject.sock fd 3
Python version: 2.7.12 (default, Nov 19 2016, 06:48:10)  [GCC 5.4.0 20160609]
Set PythonHome to /home/django/myvenv
ImportError: No module named site
VACUUM: pidfile removed.
VACUUM: unix socket /tmp/myproject.sock removed.
*** Starting uWSGI 2.0.14 (64bit) on [Thu Feb 23 21:25:26 2017] ***
compiled with version: 5.4.0 20160609 on 23 February 2017 16:01:15
os: Linux-4.4.0-62-generic #83-Ubuntu SMP Wed Jan 18 14:10:15 UTC 2017
nodename: ubuntu
machine: x86_64
clock source: unix
pcre jit disabled
detected number of CPU cores: 1
current working directory: /home/django/uwsgi
writing pidfile to /home/django/uwsgi/myproject.pid
detected binary path: /usr/local/bin/uwsgi
chdir() to /home/django/mysite
your processes number limit is 3743
your memory page size is 4096 bytes
detected max file descriptor number: 1024
lock engine: pthread robust mutexes
thunder lock: disabled (you can enable it with --thunder-lock)
uwsgi socket 0 bound to UNIX address /tmp/myproject.sock fd 3
Python version: 2.7.12 (default, Nov 19 2016, 06:48:10)  [GCC 5.4.0 20160609]
Set PythonHome to /home/django/myvenv
ImportError: No module named site
VACUUM: pidfile removed.
VACUUM: unix socket /tmp/myproject.sock removed.
*** Starting uWSGI 2.0.14 (64bit) on [Thu Feb 23 21:27:02 2017] ***
compiled with version: 5.4.0 20160609 on 23 February 2017 16:01:15
os: Linux-4.4.0-62-generic #83-Ubuntu SMP Wed Jan 18 14:10:15 UTC 2017
nodename: ubuntu
machine: x86_64
clock source: unix
pcre jit disabled
detected number of CPU cores: 1
current working directory: /home/django/uwsgi
writing pidfile to /home/django/uwsgi/myproject.pid
detected binary path: /usr/local/bin/uwsgi
chdir() to /home/django/mysite
your processes number limit is 3743
your memory page size is 4096 bytes
detected max file descriptor number: 1024
lock engine: pthread robust mutexes
thunder lock: disabled (you can enable it with --thunder-lock)
uwsgi socket 0 bound to UNIX address /tmp/myproject.sock fd 3
Python version: 2.7.12 (default, Nov 19 2016, 06:48:10)  [GCC 5.4.0 20160609]
Set PythonHome to /home/django/myvenv
ImportError: No module named site
VACUUM: pidfile removed.
VACUUM: unix socket /tmp/myproject.sock removed.
*** Starting uWSGI 2.0.14 (64bit) on [Thu Feb 23 21:28:41 2017] ***
compiled with version: 5.4.0 20160609 on 23 February 2017 16:01:15
os: Linux-4.4.0-62-generic #83-Ubuntu SMP Wed Jan 18 14:10:15 UTC 2017
nodename: ubuntu
machine: x86_64
clock source: unix
pcre jit disabled
detected number of CPU cores: 1
current working directory: /home/django/uwsgi
writing pidfile to /home/django/uwsgi/myproject.pid
detected binary path: /usr/local/bin/uwsgi
chdir() to /home/django/mysite
your processes number limit is 3743
your memory page size is 4096 bytes
detected max file descriptor number: 1024
lock engine: pthread robust mutexes
thunder lock: disabled (you can enable it with --thunder-lock)
uwsgi socket 0 bound to UNIX address /tmp/myproject.sock fd 3
Python version: 2.7.12 (default, Nov 19 2016, 06:48:10)  [GCC 5.4.0 20160609]
Set PythonHome to /home/django/myvenv
ImportError: No module named site
VACUUM: pidfile removed.
VACUUM: unix socket /tmp/myproject.sock removed.
*** Starting uWSGI 2.0.14 (64bit) on [Thu Feb 23 21:30:20 2017] ***
compiled with version: 5.4.0 20160609 on 23 February 2017 16:01:15
os: Linux-4.4.0-62-generic #83-Ubuntu SMP Wed Jan 18 14:10:15 UTC 2017
nodename: ubuntu
machine: x86_64
clock source: unix
pcre jit disabled
detected number of CPU cores: 1
current working directory: /home/django/uwsgi
writing pidfile to /home/django/uwsgi/myproject.pid
detected binary path: /usr/local/bin/uwsgi
chdir() to /home/django/mysite
your processes number limit is 3743
your memory page size is 4096 bytes
detected max file descriptor number: 1024
lock engine: pthread robust mutexes
thunder lock: disabled (you can enable it with --thunder-lock)
uwsgi socket 0 bound to UNIX address /tmp/myproject.sock fd 3
Python version: 2.7.12 (default, Nov 19 2016, 06:48:10)  [GCC 5.4.0 20160609]
Set PythonHome to /home/django/myvenv
ImportError: No module named site
VACUUM: pidfile removed.
VACUUM: unix socket /tmp/myproject.sock removed.
*** Starting uWSGI 2.0.14 (64bit) on [Thu Feb 23 21:31:59 2017] ***
compiled with version: 5.4.0 20160609 on 23 February 2017 16:01:15
os: Linux-4.4.0-62-generic #83-Ubuntu SMP Wed Jan 18 14:10:15 UTC 2017
nodename: ubuntu
machine: x86_64
clock source: unix
pcre jit disabled
detected number of CPU cores: 1
current working directory: /home/django/uwsgi
writing pidfile to /home/django/uwsgi/myproject.pid
detected binary path: /usr/local/bin/uwsgi
chdir() to /home/django/mysite
your processes number limit is 3743
your memory page size is 4096 bytes
detected max file descriptor number: 1024
lock engine: pthread robust mutexes
thunder lock: disabled (you can enable it with --thunder-lock)
uwsgi socket 0 bound to UNIX address /tmp/myproject.sock fd 3
Python version: 2.7.12 (default, Nov 19 2016, 06:48:10)  [GCC 5.4.0 20160609]
Set PythonHome to /home/django/myvenv
ImportError: No module named site
VACUUM: pidfile removed.
VACUUM: unix socket /tmp/myproject.sock removed.
*** Starting uWSGI 2.0.14 (64bit) on [Thu Feb 23 21:33:41 2017] ***
compiled with version: 5.4.0 20160609 on 23 February 2017 16:01:15
os: Linux-4.4.0-62-generic #83-Ubuntu SMP Wed Jan 18 14:10:15 UTC 2017
nodename: ubuntu
machine: x86_64
clock source: unix
pcre jit disabled
detected number of CPU cores: 1
current working directory: /home/django/uwsgi
writing pidfile to /home/django/uwsgi/myproject.pid
detected binary path: /usr/local/bin/uwsgi
chdir() to /home/django/mysite
your processes number limit is 3743
your memory page size is 4096 bytes
detected max file descriptor number: 1024
lock engine: pthread robust mutexes
thunder lock: disabled (you can enable it with --thunder-lock)
uwsgi socket 0 bound to UNIX address /tmp/myproject.sock fd 3
Python version: 2.7.12 (default, Nov 19 2016, 06:48:10)  [GCC 5.4.0 20160609]
Set PythonHome to /home/django/myvenv
ImportError: No module named site
VACUUM: pidfile removed.
VACUUM: unix socket /tmp/myproject.sock removed.
*** Starting uWSGI 2.0.14 (64bit) on [Thu Feb 23 21:35:23 2017] ***
compiled with version: 5.4.0 20160609 on 23 February 2017 16:01:15
os: Linux-4.4.0-62-generic #83-Ubuntu SMP Wed Jan 18 14:10:15 UTC 2017
nodename: ubuntu
machine: x86_64
clock source: unix
pcre jit disabled
detected number of CPU cores: 1
current working directory: /home/django/uwsgi
writing pidfile to /home/django/uwsgi/myproject.pid
detected binary path: /usr/local/bin/uwsgi
chdir() to /home/django/mysite
your processes number limit is 3743
your memory page size is 4096 bytes
detected max file descriptor number: 1024
lock engine: pthread robust mutexes
thunder lock: disabled (you can enable it with --thunder-lock)
uwsgi socket 0 bound to UNIX address /tmp/myproject.sock fd 3
Python version: 2.7.12 (default, Nov 19 2016, 06:48:10)  [GCC 5.4.0 20160609]
Set PythonHome to /home/django/myvenv
ImportError: No module named site
VACUUM: pidfile removed.
VACUUM: unix socket /tmp/myproject.sock removed.
*** Starting uWSGI 2.0.14 (64bit) on [Thu Feb 23 21:37:06 2017] ***
compiled with version: 5.4.0 20160609 on 23 February 2017 16:01:15
os: Linux-4.4.0-62-generic #83-Ubuntu SMP Wed Jan 18 14:10:15 UTC 2017
nodename: ubuntu
machine: x86_64
clock source: unix
pcre jit disabled
detected number of CPU cores: 1
current working directory: /home/django/uwsgi
writing pidfile to /home/django/uwsgi/myproject.pid
detected binary path: /usr/local/bin/uwsgi
chdir() to /home/django/mysite
your processes number limit is 3743
your memory page size is 4096 bytes
detected max file descriptor number: 1024
lock engine: pthread robust mutexes
thunder lock: disabled (you can enable it with --thunder-lock)
uwsgi socket 0 bound to UNIX address /tmp/myproject.sock fd 3
Python version: 2.7.12 (default, Nov 19 2016, 06:48:10)  [GCC 5.4.0 20160609]
Set PythonHome to /home/django/myvenv
ImportError: No module named site
VACUUM: pidfile removed.
VACUUM: unix socket /tmp/myproject.sock removed.
*** Starting uWSGI 2.0.14 (64bit) on [Thu Feb 23 21:38:51 2017] ***
compiled with version: 5.4.0 20160609 on 23 February 2017 16:01:15
os: Linux-4.4.0-62-generic #83-Ubuntu SMP Wed Jan 18 14:10:15 UTC 2017
nodename: ubuntu
machine: x86_64
clock source: unix
pcre jit disabled
detected number of CPU cores: 1
current working directory: /home/django/uwsgi
writing pidfile to /home/django/uwsgi/myproject.pid
detected binary path: /usr/local/bin/uwsgi
chdir() to /home/django/mysite
your processes number limit is 3743
your memory page size is 4096 bytes
detected max file descriptor number: 1024
lock engine: pthread robust mutexes
thunder lock: disabled (you can enable it with --thunder-lock)
uwsgi socket 0 bound to UNIX address /tmp/myproject.sock fd 3
Python version: 2.7.12 (default, Nov 19 2016, 06:48:10)  [GCC 5.4.0 20160609]
Set PythonHome to /home/django/myvenv
ImportError: No module named site
VACUUM: pidfile removed.
VACUUM: unix socket /tmp/myproject.sock removed.
*** Starting uWSGI 2.0.14 (64bit) on [Thu Feb 23 21:40:36 2017] ***
compiled with version: 5.4.0 20160609 on 23 February 2017 16:01:15
os: Linux-4.4.0-62-generic #83-Ubuntu SMP Wed Jan 18 14:10:15 UTC 2017
nodename: ubuntu
machine: x86_64
clock source: unix
pcre jit disabled
detected number of CPU cores: 1
current working directory: /home/django/uwsgi
writing pidfile to /home/django/uwsgi/myproject.pid
detected binary path: /usr/local/bin/uwsgi
chdir() to /home/django/mysite
your processes number limit is 3743
your memory page size is 4096 bytes
detected max file descriptor number: 1024
lock engine: pthread robust mutexes
thunder lock: disabled (you can enable it with --thunder-lock)
uwsgi socket 0 bound to UNIX address /tmp/myproject.sock fd 3
Python version: 2.7.12 (default, Nov 19 2016, 06:48:10)  [GCC 5.4.0 20160609]
Set PythonHome to /home/django/myvenv
ImportError: No module named site
VACUUM: pidfile removed.
VACUUM: unix socket /tmp/myproject.sock removed.
*** Starting uWSGI 2.0.14 (64bit) on [Thu Feb 23 21:42:21 2017] ***
compiled with version: 5.4.0 20160609 on 23 February 2017 16:01:15
os: Linux-4.4.0-62-generic #83-Ubuntu SMP Wed Jan 18 14:10:15 UTC 2017
nodename: ubuntu
machine: x86_64
clock source: unix
pcre jit disabled
detected number of CPU cores: 1
current working directory: /home/django/uwsgi
writing pidfile to /home/django/uwsgi/myproject.pid
detected binary path: /usr/local/bin/uwsgi
chdir() to /home/django/mysite
your processes number limit is 3743
your memory page size is 4096 bytes
detected max file descriptor number: 1024
lock engine: pthread robust mutexes
thunder lock: disabled (you can enable it with --thunder-lock)
uwsgi socket 0 bound to UNIX address /tmp/myproject.sock fd 3
Python version: 2.7.12 (default, Nov 19 2016, 06:48:10)  [GCC 5.4.0 20160609]
Set PythonHome to /home/django/myvenv
ImportError: No module named site
VACUUM: pidfile removed.
VACUUM: unix socket /tmp/myproject.sock removed.
*** Starting uWSGI 2.0.14 (64bit) on [Thu Feb 23 21:44:09 2017] ***
compiled with version: 5.4.0 20160609 on 23 February 2017 16:01:15
os: Linux-4.4.0-62-generic #83-Ubuntu SMP Wed Jan 18 14:10:15 UTC 2017
nodename: ubuntu
machine: x86_64
clock source: unix
pcre jit disabled
detected number of CPU cores: 1
current working directory: /home/django/uwsgi
writing pidfile to /home/django/uwsgi/myproject.pid
detected binary path: /usr/local/bin/uwsgi
chdir() to /home/django/mysite
your processes number limit is 3743
your memory page size is 4096 bytes
detected max file descriptor number: 1024
lock engine: pthread robust mutexes
thunder lock: disabled (you can enable it with --thunder-lock)
uwsgi socket 0 bound to UNIX address /tmp/myproject.sock fd 3
Python version: 2.7.12 (default, Nov 19 2016, 06:48:10)  [GCC 5.4.0 20160609]
Set PythonHome to /home/django/myvenv
ImportError: No module named site
VACUUM: pidfile removed.
VACUUM: unix socket /tmp/myproject.sock removed.
*** Starting uWSGI 2.0.14 (64bit) on [Thu Feb 23 21:45:57 2017] ***
compiled with version: 5.4.0 20160609 on 23 February 2017 16:01:15
os: Linux-4.4.0-62-generic #83-Ubuntu SMP Wed Jan 18 14:10:15 UTC 2017
nodename: ubuntu
machine: x86_64
clock source: unix
pcre jit disabled
detected number of CPU cores: 1
current working directory: /home/django/uwsgi
writing pidfile to /home/django/uwsgi/myproject.pid
detected binary path: /usr/local/bin/uwsgi
chdir() to /home/django/mysite
your processes number limit is 3743
your memory page size is 4096 bytes
detected max file descriptor number: 1024
lock engine: pthread robust mutexes
thunder lock: disabled (you can enable it with --thunder-lock)
uwsgi socket 0 bound to UNIX address /tmp/myproject.sock fd 3
Python version: 2.7.12 (default, Nov 19 2016, 06:48:10)  [GCC 5.4.0 20160609]
Set PythonHome to /home/django/myvenv
ImportError: No module named site
VACUUM: pidfile removed.
VACUUM: unix socket /tmp/myproject.sock removed.
*** Starting uWSGI 2.0.14 (64bit) on [Thu Feb 23 21:47:45 2017] ***
compiled with version: 5.4.0 20160609 on 23 February 2017 16:01:15
os: Linux-4.4.0-62-generic #83-Ubuntu SMP Wed Jan 18 14:10:15 UTC 2017
nodename: ubuntu
machine: x86_64
clock source: unix
pcre jit disabled
detected number of CPU cores: 1
current working directory: /home/django/uwsgi
writing pidfile to /home/django/uwsgi/myproject.pid
detected binary path: /usr/local/bin/uwsgi
chdir() to /home/django/mysite
your processes number limit is 3743
your memory page size is 4096 bytes
detected max file descriptor number: 1024
lock engine: pthread robust mutexes
thunder lock: disabled (you can enable it with --thunder-lock)
uwsgi socket 0 bound to UNIX address /tmp/myproject.sock fd 3
Python version: 2.7.12 (default, Nov 19 2016, 06:48:10)  [GCC 5.4.0 20160609]
Set PythonHome to /home/django/myvenv
ImportError: No module named site
VACUUM: pidfile removed.
VACUUM: unix socket /tmp/myproject.sock removed.
*** Starting uWSGI 2.0.14 (64bit) on [Thu Feb 23 21:49:36 2017] ***
compiled with version: 5.4.0 20160609 on 23 February 2017 16:01:15
os: Linux-4.4.0-62-generic #83-Ubuntu SMP Wed Jan 18 14:10:15 UTC 2017
nodename: ubuntu
machine: x86_64
clock source: unix
pcre jit disabled
detected number of CPU cores: 1
current working directory: /home/django/uwsgi
writing pidfile to /home/django/uwsgi/myproject.pid
detected binary path: /usr/local/bin/uwsgi
chdir() to /home/django/mysite
your processes number limit is 3743
your memory page size is 4096 bytes
detected max file descriptor number: 1024
lock engine: pthread robust mutexes
thunder lock: disabled (you can enable it with --thunder-lock)
uwsgi socket 0 bound to UNIX address /tmp/myproject.sock fd 3
Python version: 2.7.12 (default, Nov 19 2016, 06:48:10)  [GCC 5.4.0 20160609]
Set PythonHome to /home/django/myvenv
ImportError: No module named site
VACUUM: pidfile removed.
VACUUM: unix socket /tmp/myproject.sock removed.
*** Starting uWSGI 2.0.14 (64bit) on [Thu Feb 23 21:51:28 2017] ***
compiled with version: 5.4.0 20160609 on 23 February 2017 16:01:15
os: Linux-4.4.0-62-generic #83-Ubuntu SMP Wed Jan 18 14:10:15 UTC 2017
nodename: ubuntu
machine: x86_64
clock source: unix
pcre jit disabled
detected number of CPU cores: 1
current working directory: /home/django/uwsgi
writing pidfile to /home/django/uwsgi/myproject.pid
detected binary path: /usr/local/bin/uwsgi
chdir() to /home/django/mysite
your processes number limit is 3743
your memory page size is 4096 bytes
detected max file descriptor number: 1024
lock engine: pthread robust mutexes
thunder lock: disabled (you can enable it with --thunder-lock)
uwsgi socket 0 bound to UNIX address /tmp/myproject.sock fd 3
Python version: 2.7.12 (default, Nov 19 2016, 06:48:10)  [GCC 5.4.0 20160609]
Set PythonHome to /home/django/myvenv
ImportError: No module named site
VACUUM: pidfile removed.
VACUUM: unix socket /tmp/myproject.sock removed.
*** Starting uWSGI 2.0.14 (64bit) on [Thu Feb 23 21:53:19 2017] ***
compiled with version: 5.4.0 20160609 on 23 February 2017 16:01:15
os: Linux-4.4.0-62-generic #83-Ubuntu SMP Wed Jan 18 14:10:15 UTC 2017
nodename: ubuntu
machine: x86_64
clock source: unix
pcre jit disabled
detected number of CPU cores: 1
current working directory: /home/django/uwsgi
writing pidfile to /home/django/uwsgi/myproject.pid
detected binary path: /usr/local/bin/uwsgi
chdir() to /home/django/mysite
your processes number limit is 3743
your memory page size is 4096 bytes
detected max file descriptor number: 1024
lock engine: pthread robust mutexes
thunder lock: disabled (you can enable it with --thunder-lock)
uwsgi socket 0 bound to UNIX address /tmp/myproject.sock fd 3
Python version: 2.7.12 (default, Nov 19 2016, 06:48:10)  [GCC 5.4.0 20160609]
Set PythonHome to /home/django/myvenv
ImportError: No module named site
VACUUM: pidfile removed.
VACUUM: unix socket /tmp/myproject.sock removed.
*** Starting uWSGI 2.0.14 (64bit) on [Thu Feb 23 21:55:13 2017] ***
compiled with version: 5.4.0 20160609 on 23 February 2017 16:01:15
os: Linux-4.4.0-62-generic #83-Ubuntu SMP Wed Jan 18 14:10:15 UTC 2017
nodename: ubuntu
machine: x86_64
clock source: unix
pcre jit disabled
detected number of CPU cores: 1
current working directory: /home/django/uwsgi
writing pidfile to /home/django/uwsgi/myproject.pid
detected binary path: /usr/local/bin/uwsgi
chdir() to /home/django/mysite
your processes number limit is 3743
your memory page size is 4096 bytes
detected max file descriptor number: 1024
lock engine: pthread robust mutexes
thunder lock: disabled (you can enable it with --thunder-lock)
uwsgi socket 0 bound to UNIX address /tmp/myproject.sock fd 3
Python version: 2.7.12 (default, Nov 19 2016, 06:48:10)  [GCC 5.4.0 20160609]
Set PythonHome to /home/django/myvenv
ImportError: No module named site
VACUUM: pidfile removed.
VACUUM: unix socket /tmp/myproject.sock removed.
*** Starting uWSGI 2.0.14 (64bit) on [Thu Feb 23 21:57:07 2017] ***
compiled with version: 5.4.0 20160609 on 23 February 2017 16:01:15
os: Linux-4.4.0-62-generic #83-Ubuntu SMP Wed Jan 18 14:10:15 UTC 2017
nodename: ubuntu
machine: x86_64
clock source: unix
pcre jit disabled
detected number of CPU cores: 1
current working directory: /home/django/uwsgi
writing pidfile to /home/django/uwsgi/myproject.pid
detected binary path: /usr/local/bin/uwsgi
chdir() to /home/django/mysite
your processes number limit is 3743
your memory page size is 4096 bytes
detected max file descriptor number: 1024
lock engine: pthread robust mutexes
thunder lock: disabled (you can enable it with --thunder-lock)
uwsgi socket 0 bound to UNIX address /tmp/myproject.sock fd 3
Python version: 2.7.12 (default, Nov 19 2016, 06:48:10)  [GCC 5.4.0 20160609]
Set PythonHome to /home/django/myvenv
ImportError: No module named site
VACUUM: pidfile removed.
VACUUM: unix socket /tmp/myproject.sock removed.
*** Starting uWSGI 2.0.14 (64bit) on [Thu Feb 23 21:59:01 2017] ***
compiled with version: 5.4.0 20160609 on 23 February 2017 16:01:15
os: Linux-4.4.0-62-generic #83-Ubuntu SMP Wed Jan 18 14:10:15 UTC 2017
nodename: ubuntu
machine: x86_64
clock source: unix
pcre jit disabled
detected number of CPU cores: 1
current working directory: /home/django/uwsgi
writing pidfile to /home/django/uwsgi/myproject.pid
detected binary path: /usr/local/bin/uwsgi
chdir() to /home/django/mysite
your processes number limit is 3743
your memory page size is 4096 bytes
detected max file descriptor number: 1024
lock engine: pthread robust mutexes
thunder lock: disabled (you can enable it with --thunder-lock)
uwsgi socket 0 bound to UNIX address /tmp/myproject.sock fd 3
Python version: 2.7.12 (default, Nov 19 2016, 06:48:10)  [GCC 5.4.0 20160609]
Set PythonHome to /home/django/myvenv
ImportError: No module named site
VACUUM: pidfile removed.
VACUUM: unix socket /tmp/myproject.sock removed.
*** Starting uWSGI 2.0.14 (64bit) on [Thu Feb 23 22:00:58 2017] ***
compiled with version: 5.4.0 20160609 on 23 February 2017 16:01:15
os: Linux-4.4.0-62-generic #83-Ubuntu SMP Wed Jan 18 14:10:15 UTC 2017
nodename: ubuntu
machine: x86_64
clock source: unix
pcre jit disabled
detected number of CPU cores: 1
current working directory: /home/django/uwsgi
writing pidfile to /home/django/uwsgi/myproject.pid
detected binary path: /usr/local/bin/uwsgi
chdir() to /home/django/mysite
your processes number limit is 3743
your memory page size is 4096 bytes
detected max file descriptor number: 1024
lock engine: pthread robust mutexes
thunder lock: disabled (you can enable it with --thunder-lock)
uwsgi socket 0 bound to UNIX address /tmp/myproject.sock fd 3
Python version: 2.7.12 (default, Nov 19 2016, 06:48:10)  [GCC 5.4.0 20160609]
Set PythonHome to /home/django/myvenv
ImportError: No module named site
VACUUM: pidfile removed.
VACUUM: unix socket /tmp/myproject.sock removed.
*** Starting uWSGI 2.0.14 (64bit) on [Thu Feb 23 22:02:56 2017] ***
compiled with version: 5.4.0 20160609 on 23 February 2017 16:01:15
os: Linux-4.4.0-62-generic #83-Ubuntu SMP Wed Jan 18 14:10:15 UTC 2017
nodename: ubuntu
machine: x86_64
clock source: unix
pcre jit disabled
detected number of CPU cores: 1
current working directory: /home/django/uwsgi
writing pidfile to /home/django/uwsgi/myproject.pid
detected binary path: /usr/local/bin/uwsgi
chdir() to /home/django/mysite
your processes number limit is 3743
your memory page size is 4096 bytes
detected max file descriptor number: 1024
lock engine: pthread robust mutexes
thunder lock: disabled (you can enable it with --thunder-lock)
uwsgi socket 0 bound to UNIX address /tmp/myproject.sock fd 3
Python version: 2.7.12 (default, Nov 19 2016, 06:48:10)  [GCC 5.4.0 20160609]
Set PythonHome to /home/django/myvenv
ImportError: No module named site
VACUUM: pidfile removed.
VACUUM: unix socket /tmp/myproject.sock removed.
*** Starting uWSGI 2.0.14 (64bit) on [Thu Feb 23 22:04:53 2017] ***
compiled with version: 5.4.0 20160609 on 23 February 2017 16:01:15
os: Linux-4.4.0-62-generic #83-Ubuntu SMP Wed Jan 18 14:10:15 UTC 2017
nodename: ubuntu
machine: x86_64
clock source: unix
pcre jit disabled
detected number of CPU cores: 1
current working directory: /home/django/uwsgi
writing pidfile to /home/django/uwsgi/myproject.pid
detected binary path: /usr/local/bin/uwsgi
chdir() to /home/django/mysite
your processes number limit is 3743
your memory page size is 4096 bytes
detected max file descriptor number: 1024
lock engine: pthread robust mutexes
thunder lock: disabled (you can enable it with --thunder-lock)
uwsgi socket 0 bound to UNIX address /tmp/myproject.sock fd 3
Python version: 2.7.12 (default, Nov 19 2016, 06:48:10)  [GCC 5.4.0 20160609]
Set PythonHome to /home/django/myvenv
ImportError: No module named site
VACUUM: pidfile removed.
VACUUM: unix socket /tmp/myproject.sock removed.
*** Starting uWSGI 2.0.14 (64bit) on [Thu Feb 23 22:06:53 2017] ***
compiled with version: 5.4.0 20160609 on 23 February 2017 16:01:15
os: Linux-4.4.0-62-generic #83-Ubuntu SMP Wed Jan 18 14:10:15 UTC 2017
nodename: ubuntu
machine: x86_64
clock source: unix
pcre jit disabled
detected number of CPU cores: 1
current working directory: /home/django/uwsgi
writing pidfile to /home/django/uwsgi/myproject.pid
detected binary path: /usr/local/bin/uwsgi
chdir() to /home/django/mysite
your processes number limit is 3743
your memory page size is 4096 bytes
detected max file descriptor number: 1024
lock engine: pthread robust mutexes
thunder lock: disabled (you can enable it with --thunder-lock)
uwsgi socket 0 bound to UNIX address /tmp/myproject.sock fd 3
Python version: 2.7.12 (default, Nov 19 2016, 06:48:10)  [GCC 5.4.0 20160609]
Set PythonHome to /home/django/myvenv
ImportError: No module named site
VACUUM: pidfile removed.
VACUUM: unix socket /tmp/myproject.sock removed.
*** Starting uWSGI 2.0.14 (64bit) on [Thu Feb 23 22:08:53 2017] ***
compiled with version: 5.4.0 20160609 on 23 February 2017 16:01:15
os: Linux-4.4.0-62-generic #83-Ubuntu SMP Wed Jan 18 14:10:15 UTC 2017
nodename: ubuntu
machine: x86_64
clock source: unix
pcre jit disabled
detected number of CPU cores: 1
current working directory: /home/django/uwsgi
writing pidfile to /home/django/uwsgi/myproject.pid
detected binary path: /usr/local/bin/uwsgi
chdir() to /home/django/mysite
your processes number limit is 3743
your memory page size is 4096 bytes
detected max file descriptor number: 1024
lock engine: pthread robust mutexes
thunder lock: disabled (you can enable it with --thunder-lock)
uwsgi socket 0 bound to UNIX address /tmp/myproject.sock fd 3
Python version: 2.7.12 (default, Nov 19 2016, 06:48:10)  [GCC 5.4.0 20160609]
Set PythonHome to /home/django/myvenv
ImportError: No module named site
VACUUM: pidfile removed.
VACUUM: unix socket /tmp/myproject.sock removed.
*** Starting uWSGI 2.0.14 (64bit) on [Thu Feb 23 22:10:53 2017] ***
compiled with version: 5.4.0 20160609 on 23 February 2017 16:01:15
os: Linux-4.4.0-62-generic #83-Ubuntu SMP Wed Jan 18 14:10:15 UTC 2017
nodename: ubuntu
machine: x86_64
clock source: unix
pcre jit disabled
detected number of CPU cores: 1
current working directory: /home/django/uwsgi
writing pidfile to /home/django/uwsgi/myproject.pid
detected binary path: /usr/local/bin/uwsgi
chdir() to /home/django/mysite
your processes number limit is 3743
your memory page size is 4096 bytes
detected max file descriptor number: 1024
lock engine: pthread robust mutexes
thunder lock: disabled (you can enable it with --thunder-lock)
uwsgi socket 0 bound to UNIX address /tmp/myproject.sock fd 3
Python version: 2.7.12 (default, Nov 19 2016, 06:48:10)  [GCC 5.4.0 20160609]
Set PythonHome to /home/django/myvenv
ImportError: No module named site
VACUUM: pidfile removed.
VACUUM: unix socket /tmp/myproject.sock removed.
*** Starting uWSGI 2.0.14 (64bit) on [Thu Feb 23 22:12:56 2017] ***
compiled with version: 5.4.0 20160609 on 23 February 2017 16:01:15
os: Linux-4.4.0-62-generic #83-Ubuntu SMP Wed Jan 18 14:10:15 UTC 2017
nodename: ubuntu
machine: x86_64
clock source: unix
pcre jit disabled
detected number of CPU cores: 1
current working directory: /home/django/uwsgi
writing pidfile to /home/django/uwsgi/myproject.pid
detected binary path: /usr/local/bin/uwsgi
chdir() to /home/django/mysite
your processes number limit is 3743
your memory page size is 4096 bytes
detected max file descriptor number: 1024
lock engine: pthread robust mutexes
thunder lock: disabled (you can enable it with --thunder-lock)
uwsgi socket 0 bound to UNIX address /tmp/myproject.sock fd 3
Python version: 2.7.12 (default, Nov 19 2016, 06:48:10)  [GCC 5.4.0 20160609]
Set PythonHome to /home/django/myvenv
ImportError: No module named site
VACUUM: pidfile removed.
VACUUM: unix socket /tmp/myproject.sock removed.
*** Starting uWSGI 2.0.14 (64bit) on [Thu Feb 23 22:14:59 2017] ***
compiled with version: 5.4.0 20160609 on 23 February 2017 16:01:15
os: Linux-4.4.0-62-generic #83-Ubuntu SMP Wed Jan 18 14:10:15 UTC 2017
nodename: ubuntu
machine: x86_64
clock source: unix
pcre jit disabled
detected number of CPU cores: 1
current working directory: /home/django/uwsgi
writing pidfile to /home/django/uwsgi/myproject.pid
detected binary path: /usr/local/bin/uwsgi
chdir() to /home/django/mysite
your processes number limit is 3743
your memory page size is 4096 bytes
detected max file descriptor number: 1024
lock engine: pthread robust mutexes
thunder lock: disabled (you can enable it with --thunder-lock)
uwsgi socket 0 bound to UNIX address /tmp/myproject.sock fd 3
Python version: 2.7.12 (default, Nov 19 2016, 06:48:10)  [GCC 5.4.0 20160609]
Set PythonHome to /home/django/myvenv
ImportError: No module named site
VACUUM: pidfile removed.
VACUUM: unix socket /tmp/myproject.sock removed.
*** Starting uWSGI 2.0.14 (64bit) on [Thu Feb 23 22:17:03 2017] ***
compiled with version: 5.4.0 20160609 on 23 February 2017 16:01:15
os: Linux-4.4.0-62-generic #83-Ubuntu SMP Wed Jan 18 14:10:15 UTC 2017
nodename: ubuntu
machine: x86_64
clock source: unix
pcre jit disabled
detected number of CPU cores: 1
current working directory: /home/django/uwsgi
writing pidfile to /home/django/uwsgi/myproject.pid
detected binary path: /usr/local/bin/uwsgi
chdir() to /home/django/mysite
your processes number limit is 3743
your memory page size is 4096 bytes
detected max file descriptor number: 1024
lock engine: pthread robust mutexes
thunder lock: disabled (you can enable it with --thunder-lock)
uwsgi socket 0 bound to UNIX address /tmp/myproject.sock fd 3
Python version: 2.7.12 (default, Nov 19 2016, 06:48:10)  [GCC 5.4.0 20160609]
Set PythonHome to /home/django/myvenv
ImportError: No module named site
VACUUM: pidfile removed.
VACUUM: unix socket /tmp/myproject.sock removed.
*** Starting uWSGI 2.0.14 (64bit) on [Thu Feb 23 22:26:58 2017] ***
compiled with version: 5.4.0 20160609 on 23 February 2017 16:01:15
os: Linux-4.4.0-62-generic #83-Ubuntu SMP Wed Jan 18 14:10:15 UTC 2017
nodename: ubuntu
machine: x86_64
clock source: unix
pcre jit disabled
detected number of CPU cores: 1
current working directory: /home/django/uwsgi
writing pidfile to /home/django/uwsgi/myproject.pid
detected binary path: /usr/local/bin/uwsgi
chdir() to /home/django/mysite
your processes number limit is 3743
your memory page size is 4096 bytes
detected max file descriptor number: 1024
lock engine: pthread robust mutexes
thunder lock: disabled (you can enable it with --thunder-lock)
uwsgi socket 0 bound to UNIX address /tmp/myproject.sock fd 3
Python version: 2.7.12 (default, Nov 19 2016, 06:48:10)  [GCC 5.4.0 20160609]
Set PythonHome to /home/django/myvenv
ImportError: No module named site
VACUUM: pidfile removed.
VACUUM: unix socket /tmp/myproject.sock removed.
*** Starting uWSGI 2.0.14 (64bit) on [Thu Feb 23 22:29:06 2017] ***
compiled with version: 5.4.0 20160609 on 23 February 2017 16:01:15
os: Linux-4.4.0-62-generic #83-Ubuntu SMP Wed Jan 18 14:10:15 UTC 2017
nodename: ubuntu
machine: x86_64
clock source: unix
pcre jit disabled
detected number of CPU cores: 1
current working directory: /home/django/uwsgi
writing pidfile to /home/django/uwsgi/myproject.pid
detected binary path: /usr/local/bin/uwsgi
chdir() to /home/django/mysite
your processes number limit is 3743
your memory page size is 4096 bytes
detected max file descriptor number: 1024
lock engine: pthread robust mutexes
thunder lock: disabled (you can enable it with --thunder-lock)
uwsgi socket 0 bound to UNIX address /tmp/myproject.sock fd 3
Python version: 2.7.12 (default, Nov 19 2016, 06:48:10)  [GCC 5.4.0 20160609]
Set PythonHome to /home/django/myvenv
ImportError: No module named site
VACUUM: pidfile removed.
VACUUM: unix socket /tmp/myproject.sock removed.
*** Starting uWSGI 2.0.14 (64bit) on [Thu Feb 23 22:31:12 2017] ***
compiled with version: 5.4.0 20160609 on 23 February 2017 16:01:15
os: Linux-4.4.0-62-generic #83-Ubuntu SMP Wed Jan 18 14:10:15 UTC 2017
nodename: ubuntu
machine: x86_64
clock source: unix
pcre jit disabled
detected number of CPU cores: 1
current working directory: /home/django/uwsgi
writing pidfile to /home/django/uwsgi/myproject.pid
detected binary path: /usr/local/bin/uwsgi
chdir() to /home/django/mysite
your processes number limit is 3743
your memory page size is 4096 bytes
detected max file descriptor number: 1024
lock engine: pthread robust mutexes
thunder lock: disabled (you can enable it with --thunder-lock)
uwsgi socket 0 bound to UNIX address /tmp/myproject.sock fd 3
Python version: 2.7.12 (default, Nov 19 2016, 06:48:10)  [GCC 5.4.0 20160609]
Set PythonHome to /home/django/myvenv
ImportError: No module named site
VACUUM: pidfile removed.
VACUUM: unix socket /tmp/myproject.sock removed.
*** Starting uWSGI 2.0.14 (64bit) on [Thu Feb 23 22:33:21 2017] ***
compiled with version: 5.4.0 20160609 on 23 February 2017 16:01:15
os: Linux-4.4.0-62-generic #83-Ubuntu SMP Wed Jan 18 14:10:15 UTC 2017
nodename: ubuntu
machine: x86_64
clock source: unix
pcre jit disabled
detected number of CPU cores: 1
current working directory: /home/django/uwsgi
writing pidfile to /home/django/uwsgi/myproject.pid
detected binary path: /usr/local/bin/uwsgi
chdir() to /home/django/mysite
your processes number limit is 3743
your memory page size is 4096 bytes
detected max file descriptor number: 1024
lock engine: pthread robust mutexes
thunder lock: disabled (you can enable it with --thunder-lock)
uwsgi socket 0 bound to UNIX address /tmp/myproject.sock fd 3
Python version: 2.7.12 (default, Nov 19 2016, 06:48:10)  [GCC 5.4.0 20160609]
Set PythonHome to /home/django/myvenv
ImportError: No module named site
VACUUM: pidfile removed.
VACUUM: unix socket /tmp/myproject.sock removed.
*** Starting uWSGI 2.0.14 (64bit) on [Thu Feb 23 22:35:30 2017] ***
compiled with version: 5.4.0 20160609 on 23 February 2017 16:01:15
os: Linux-4.4.0-62-generic #83-Ubuntu SMP Wed Jan 18 14:10:15 UTC 2017
nodename: ubuntu
machine: x86_64
clock source: unix
pcre jit disabled
detected number of CPU cores: 1
current working directory: /home/django/uwsgi
writing pidfile to /home/django/uwsgi/myproject.pid
detected binary path: /usr/local/bin/uwsgi
chdir() to /home/django/mysite
your processes number limit is 3743
your memory page size is 4096 bytes
detected max file descriptor number: 1024
lock engine: pthread robust mutexes
thunder lock: disabled (you can enable it with --thunder-lock)
uwsgi socket 0 bound to UNIX address /tmp/myproject.sock fd 3
Python version: 2.7.12 (default, Nov 19 2016, 06:48:10)  [GCC 5.4.0 20160609]
Set PythonHome to /home/django/myvenv
ImportError: No module named site
VACUUM: pidfile removed.
VACUUM: unix socket /tmp/myproject.sock removed.
*** Starting uWSGI 2.0.14 (64bit) on [Thu Feb 23 22:37:39 2017] ***
compiled with version: 5.4.0 20160609 on 23 February 2017 16:01:15
os: Linux-4.4.0-62-generic #83-Ubuntu SMP Wed Jan 18 14:10:15 UTC 2017
nodename: ubuntu
machine: x86_64
clock source: unix
pcre jit disabled
detected number of CPU cores: 1
current working directory: /home/django/uwsgi
writing pidfile to /home/django/uwsgi/myproject.pid
detected binary path: /usr/local/bin/uwsgi
chdir() to /home/django/mysite
your processes number limit is 3743
your memory page size is 4096 bytes
detected max file descriptor number: 1024
lock engine: pthread robust mutexes
thunder lock: disabled (you can enable it with --thunder-lock)
uwsgi socket 0 bound to UNIX address /tmp/myproject.sock fd 3
Python version: 2.7.12 (default, Nov 19 2016, 06:48:10)  [GCC 5.4.0 20160609]
Set PythonHome to /home/django/myvenv
ImportError: No module named site
VACUUM: pidfile removed.
VACUUM: unix socket /tmp/myproject.sock removed.
*** Starting uWSGI 2.0.14 (64bit) on [Thu Feb 23 22:39:51 2017] ***
compiled with version: 5.4.0 20160609 on 23 February 2017 16:01:15
os: Linux-4.4.0-62-generic #83-Ubuntu SMP Wed Jan 18 14:10:15 UTC 2017
nodename: ubuntu
machine: x86_64
clock source: unix
pcre jit disabled
detected number of CPU cores: 1
current working directory: /home/django/uwsgi
writing pidfile to /home/django/uwsgi/myproject.pid
detected binary path: /usr/local/bin/uwsgi
chdir() to /home/django/mysite
your processes number limit is 3743
your memory page size is 4096 bytes
detected max file descriptor number: 1024
lock engine: pthread robust mutexes
thunder lock: disabled (you can enable it with --thunder-lock)
uwsgi socket 0 bound to UNIX address /tmp/myproject.sock fd 3
Python version: 2.7.12 (default, Nov 19 2016, 06:48:10)  [GCC 5.4.0 20160609]
Set PythonHome to /home/django/myvenv
ImportError: No module named site
VACUUM: pidfile removed.
VACUUM: unix socket /tmp/myproject.sock removed.
*** Starting uWSGI 2.0.14 (64bit) on [Thu Feb 23 22:42:04 2017] ***
compiled with version: 5.4.0 20160609 on 23 February 2017 16:01:15
os: Linux-4.4.0-62-generic #83-Ubuntu SMP Wed Jan 18 14:10:15 UTC 2017
nodename: ubuntu
machine: x86_64
clock source: unix
pcre jit disabled
detected number of CPU cores: 1
current working directory: /home/django/uwsgi
writing pidfile to /home/django/uwsgi/myproject.pid
detected binary path: /usr/local/bin/uwsgi
chdir() to /home/django/mysite
your processes number limit is 3743
your memory page size is 4096 bytes
detected max file descriptor number: 1024
lock engine: pthread robust mutexes
thunder lock: disabled (you can enable it with --thunder-lock)
uwsgi socket 0 bound to UNIX address /tmp/myproject.sock fd 3
Python version: 2.7.12 (default, Nov 19 2016, 06:48:10)  [GCC 5.4.0 20160609]
Set PythonHome to /home/django/myvenv
ImportError: No module named site
VACUUM: pidfile removed.
VACUUM: unix socket /tmp/myproject.sock removed.
*** Starting uWSGI 2.0.14 (64bit) on [Thu Feb 23 22:44:16 2017] ***
compiled with version: 5.4.0 20160609 on 23 February 2017 16:01:15
os: Linux-4.4.0-62-generic #83-Ubuntu SMP Wed Jan 18 14:10:15 UTC 2017
nodename: ubuntu
machine: x86_64
clock source: unix
pcre jit disabled
detected number of CPU cores: 1
current working directory: /home/django/uwsgi
writing pidfile to /home/django/uwsgi/myproject.pid
detected binary path: /usr/local/bin/uwsgi
chdir() to /home/django/mysite
your processes number limit is 3743
your memory page size is 4096 bytes
detected max file descriptor number: 1024
lock engine: pthread robust mutexes
thunder lock: disabled (you can enable it with --thunder-lock)
uwsgi socket 0 bound to UNIX address /tmp/myproject.sock fd 3
Python version: 2.7.12 (default, Nov 19 2016, 06:48:10)  [GCC 5.4.0 20160609]
Set PythonHome to /home/django/myvenv
ImportError: No module named site
VACUUM: pidfile removed.
VACUUM: unix socket /tmp/myproject.sock removed.
*** Starting uWSGI 2.0.14 (64bit) on [Thu Feb 23 22:46:31 2017] ***
compiled with version: 5.4.0 20160609 on 23 February 2017 16:01:15
os: Linux-4.4.0-62-generic #83-Ubuntu SMP Wed Jan 18 14:10:15 UTC 2017
nodename: ubuntu
machine: x86_64
clock source: unix
pcre jit disabled
detected number of CPU cores: 1
current working directory: /home/django/uwsgi
writing pidfile to /home/django/uwsgi/myproject.pid
detected binary path: /usr/local/bin/uwsgi
chdir() to /home/django/mysite
your processes number limit is 3743
your memory page size is 4096 bytes
detected max file descriptor number: 1024
lock engine: pthread robust mutexes
thunder lock: disabled (you can enable it with --thunder-lock)
uwsgi socket 0 bound to UNIX address /tmp/myproject.sock fd 3
Python version: 2.7.12 (default, Nov 19 2016, 06:48:10)  [GCC 5.4.0 20160609]
Set PythonHome to /home/django/myvenv
ImportError: No module named site
VACUUM: pidfile removed.
VACUUM: unix socket /tmp/myproject.sock removed.
*** Starting uWSGI 2.0.14 (64bit) on [Thu Feb 23 22:48:46 2017] ***
compiled with version: 5.4.0 20160609 on 23 February 2017 16:01:15
os: Linux-4.4.0-62-generic #83-Ubuntu SMP Wed Jan 18 14:10:15 UTC 2017
nodename: ubuntu
machine: x86_64
clock source: unix
pcre jit disabled
detected number of CPU cores: 1
current working directory: /home/django/uwsgi
writing pidfile to /home/django/uwsgi/myproject.pid
detected binary path: /usr/local/bin/uwsgi
chdir() to /home/django/mysite
your processes number limit is 3743
your memory page size is 4096 bytes
detected max file descriptor number: 1024
lock engine: pthread robust mutexes
thunder lock: disabled (you can enable it with --thunder-lock)
uwsgi socket 0 bound to UNIX address /tmp/myproject.sock fd 3
Python version: 2.7.12 (default, Nov 19 2016, 06:48:10)  [GCC 5.4.0 20160609]
Set PythonHome to /home/django/myvenv
ImportError: No module named site
VACUUM: pidfile removed.
VACUUM: unix socket /tmp/myproject.sock removed.
*** Starting uWSGI 2.0.14 (64bit) on [Thu Feb 23 22:51:01 2017] ***
compiled with version: 5.4.0 20160609 on 23 February 2017 16:01:15
os: Linux-4.4.0-62-generic #83-Ubuntu SMP Wed Jan 18 14:10:15 UTC 2017
nodename: ubuntu
machine: x86_64
clock source: unix
pcre jit disabled
detected number of CPU cores: 1
current working directory: /home/django/uwsgi
writing pidfile to /home/django/uwsgi/myproject.pid
detected binary path: /usr/local/bin/uwsgi
chdir() to /home/django/mysite
your processes number limit is 3743
your memory page size is 4096 bytes
detected max file descriptor number: 1024
lock engine: pthread robust mutexes
thunder lock: disabled (you can enable it with --thunder-lock)
uwsgi socket 0 bound to UNIX address /tmp/myproject.sock fd 3
Python version: 2.7.12 (default, Nov 19 2016, 06:48:10)  [GCC 5.4.0 20160609]
Set PythonHome to /home/django/myvenv
ImportError: No module named site
VACUUM: pidfile removed.
VACUUM: unix socket /tmp/myproject.sock removed.
*** Starting uWSGI 2.0.14 (64bit) on [Thu Feb 23 22:53:20 2017] ***
compiled with version: 5.4.0 20160609 on 23 February 2017 16:01:15
os: Linux-4.4.0-62-generic #83-Ubuntu SMP Wed Jan 18 14:10:15 UTC 2017
nodename: ubuntu
machine: x86_64
clock source: unix
pcre jit disabled
detected number of CPU cores: 1
current working directory: /home/django/uwsgi
writing pidfile to /home/django/uwsgi/myproject.pid
detected binary path: /usr/local/bin/uwsgi
chdir() to /home/django/mysite
your processes number limit is 3743
your memory page size is 4096 bytes
detected max file descriptor number: 1024
lock engine: pthread robust mutexes
thunder lock: disabled (you can enable it with --thunder-lock)
uwsgi socket 0 bound to UNIX address /tmp/myproject.sock fd 3
Python version: 2.7.12 (default, Nov 19 2016, 06:48:10)  [GCC 5.4.0 20160609]
Set PythonHome to /home/django/myvenv
ImportError: No module named site
VACUUM: pidfile removed.
VACUUM: unix socket /tmp/myproject.sock removed.
*** Starting uWSGI 2.0.14 (64bit) on [Thu Feb 23 22:55:38 2017] ***
compiled with version: 5.4.0 20160609 on 23 February 2017 16:01:15
os: Linux-4.4.0-62-generic #83-Ubuntu SMP Wed Jan 18 14:10:15 UTC 2017
nodename: ubuntu
machine: x86_64
clock source: unix
pcre jit disabled
detected number of CPU cores: 1
current working directory: /home/django/uwsgi
writing pidfile to /home/django/uwsgi/myproject.pid
detected binary path: /usr/local/bin/uwsgi
chdir() to /home/django/mysite
your processes number limit is 3743
your memory page size is 4096 bytes
detected max file descriptor number: 1024
lock engine: pthread robust mutexes
thunder lock: disabled (you can enable it with --thunder-lock)
uwsgi socket 0 bound to UNIX address /tmp/myproject.sock fd 3
Python version: 2.7.12 (default, Nov 19 2016, 06:48:10)  [GCC 5.4.0 20160609]
Set PythonHome to /home/django/myvenv
ImportError: No module named site
VACUUM: pidfile removed.
VACUUM: unix socket /tmp/myproject.sock removed.
*** Starting uWSGI 2.0.14 (64bit) on [Thu Feb 23 22:57:56 2017] ***
compiled with version: 5.4.0 20160609 on 23 February 2017 16:01:15
os: Linux-4.4.0-62-generic #83-Ubuntu SMP Wed Jan 18 14:10:15 UTC 2017
nodename: ubuntu
machine: x86_64
clock source: unix
pcre jit disabled
detected number of CPU cores: 1
current working directory: /home/django/uwsgi
writing pidfile to /home/django/uwsgi/myproject.pid
detected binary path: /usr/local/bin/uwsgi
chdir() to /home/django/mysite
your processes number limit is 3743
your memory page size is 4096 bytes
detected max file descriptor number: 1024
lock engine: pthread robust mutexes
thunder lock: disabled (you can enable it with --thunder-lock)
uwsgi socket 0 bound to UNIX address /tmp/myproject.sock fd 3
Python version: 2.7.12 (default, Nov 19 2016, 06:48:10)  [GCC 5.4.0 20160609]
Set PythonHome to /home/django/myvenv
ImportError: No module named site
VACUUM: pidfile removed.
VACUUM: unix socket /tmp/myproject.sock removed.
*** Starting uWSGI 2.0.14 (64bit) on [Thu Feb 23 23:00:17 2017] ***
compiled with version: 5.4.0 20160609 on 23 February 2017 16:01:15
os: Linux-4.4.0-62-generic #83-Ubuntu SMP Wed Jan 18 14:10:15 UTC 2017
nodename: ubuntu
machine: x86_64
clock source: unix
pcre jit disabled
detected number of CPU cores: 1
current working directory: /home/django/uwsgi
writing pidfile to /home/django/uwsgi/myproject.pid
detected binary path: /usr/local/bin/uwsgi
chdir() to /home/django/mysite
your processes number limit is 3743
your memory page size is 4096 bytes
detected max file descriptor number: 1024
lock engine: pthread robust mutexes
thunder lock: disabled (you can enable it with --thunder-lock)
uwsgi socket 0 bound to UNIX address /tmp/myproject.sock fd 3
Python version: 2.7.12 (default, Nov 19 2016, 06:48:10)  [GCC 5.4.0 20160609]
Set PythonHome to /home/django/myvenv
ImportError: No module named site
VACUUM: pidfile removed.
VACUUM: unix socket /tmp/myproject.sock removed.
*** Starting uWSGI 2.0.14 (64bit) on [Thu Feb 23 23:02:38 2017] ***
compiled with version: 5.4.0 20160609 on 23 February 2017 16:01:15
os: Linux-4.4.0-62-generic #83-Ubuntu SMP Wed Jan 18 14:10:15 UTC 2017
nodename: ubuntu
machine: x86_64
clock source: unix
pcre jit disabled
detected number of CPU cores: 1
current working directory: /home/django/uwsgi
writing pidfile to /home/django/uwsgi/myproject.pid
detected binary path: /usr/local/bin/uwsgi
chdir() to /home/django/mysite
your processes number limit is 3743
your memory page size is 4096 bytes
detected max file descriptor number: 1024
lock engine: pthread robust mutexes
thunder lock: disabled (you can enable it with --thunder-lock)
uwsgi socket 0 bound to UNIX address /tmp/myproject.sock fd 3
Python version: 2.7.12 (default, Nov 19 2016, 06:48:10)  [GCC 5.4.0 20160609]
Set PythonHome to /home/django/myvenv
ImportError: No module named site
VACUUM: pidfile removed.
VACUUM: unix socket /tmp/myproject.sock removed.
*** Starting uWSGI 2.0.14 (64bit) on [Thu Feb 23 23:04:59 2017] ***
compiled with version: 5.4.0 20160609 on 23 February 2017 16:01:15
os: Linux-4.4.0-62-generic #83-Ubuntu SMP Wed Jan 18 14:10:15 UTC 2017
nodename: ubuntu
machine: x86_64
clock source: unix
pcre jit disabled
detected number of CPU cores: 1
current working directory: /home/django/uwsgi
writing pidfile to /home/django/uwsgi/myproject.pid
detected binary path: /usr/local/bin/uwsgi
chdir() to /home/django/mysite
your processes number limit is 3743
your memory page size is 4096 bytes
detected max file descriptor number: 1024
lock engine: pthread robust mutexes
thunder lock: disabled (you can enable it with --thunder-lock)
uwsgi socket 0 bound to UNIX address /tmp/myproject.sock fd 3
Python version: 2.7.12 (default, Nov 19 2016, 06:48:10)  [GCC 5.4.0 20160609]
Set PythonHome to /home/django/myvenv
ImportError: No module named site
VACUUM: pidfile removed.
VACUUM: unix socket /tmp/myproject.sock removed.
*** Starting uWSGI 2.0.14 (64bit) on [Thu Feb 23 23:07:23 2017] ***
compiled with version: 5.4.0 20160609 on 23 February 2017 16:01:15
os: Linux-4.4.0-62-generic #83-Ubuntu SMP Wed Jan 18 14:10:15 UTC 2017
nodename: ubuntu
machine: x86_64
clock source: unix
pcre jit disabled
detected number of CPU cores: 1
current working directory: /home/django/uwsgi
writing pidfile to /home/django/uwsgi/myproject.pid
detected binary path: /usr/local/bin/uwsgi
chdir() to /home/django/mysite
your processes number limit is 3743
your memory page size is 4096 bytes
detected max file descriptor number: 1024
lock engine: pthread robust mutexes
thunder lock: disabled (you can enable it with --thunder-lock)
uwsgi socket 0 bound to UNIX address /tmp/myproject.sock fd 3
Python version: 2.7.12 (default, Nov 19 2016, 06:48:10)  [GCC 5.4.0 20160609]
Set PythonHome to /home/django/myvenv
ImportError: No module named site
VACUUM: pidfile removed.
VACUUM: unix socket /tmp/myproject.sock removed.
*** Starting uWSGI 2.0.14 (64bit) on [Thu Feb 23 23:09:48 2017] ***
compiled with version: 5.4.0 20160609 on 23 February 2017 16:01:15
os: Linux-4.4.0-62-generic #83-Ubuntu SMP Wed Jan 18 14:10:15 UTC 2017
nodename: ubuntu
machine: x86_64
clock source: unix
pcre jit disabled
detected number of CPU cores: 1
current working directory: /home/django/uwsgi
writing pidfile to /home/django/uwsgi/myproject.pid
detected binary path: /usr/local/bin/uwsgi
chdir() to /home/django/mysite
your processes number limit is 3743
your memory page size is 4096 bytes
detected max file descriptor number: 1024
lock engine: pthread robust mutexes
thunder lock: disabled (you can enable it with --thunder-lock)
uwsgi socket 0 bound to UNIX address /tmp/myproject.sock fd 3
Python version: 2.7.12 (default, Nov 19 2016, 06:48:10)  [GCC 5.4.0 20160609]
Set PythonHome to /home/django/myvenv
ImportError: No module named site
VACUUM: pidfile removed.
VACUUM: unix socket /tmp/myproject.sock removed.
*** Starting uWSGI 2.0.14 (64bit) on [Thu Feb 23 23:12:12 2017] ***
compiled with version: 5.4.0 20160609 on 23 February 2017 16:01:15
os: Linux-4.4.0-62-generic #83-Ubuntu SMP Wed Jan 18 14:10:15 UTC 2017
nodename: ubuntu
machine: x86_64
clock source: unix
pcre jit disabled
detected number of CPU cores: 1
current working directory: /home/django/uwsgi
writing pidfile to /home/django/uwsgi/myproject.pid
detected binary path: /usr/local/bin/uwsgi
chdir() to /home/django/mysite
your processes number limit is 3743
your memory page size is 4096 bytes
detected max file descriptor number: 1024
lock engine: pthread robust mutexes
thunder lock: disabled (you can enable it with --thunder-lock)
uwsgi socket 0 bound to UNIX address /tmp/myproject.sock fd 3
Python version: 2.7.12 (default, Nov 19 2016, 06:48:10)  [GCC 5.4.0 20160609]
Set PythonHome to /home/django/myvenv
ImportError: No module named site
VACUUM: pidfile removed.
VACUUM: unix socket /tmp/myproject.sock removed.
*** Starting uWSGI 2.0.14 (64bit) on [Thu Feb 23 23:14:39 2017] ***
compiled with version: 5.4.0 20160609 on 23 February 2017 16:01:15
os: Linux-4.4.0-62-generic #83-Ubuntu SMP Wed Jan 18 14:10:15 UTC 2017
nodename: ubuntu
machine: x86_64
clock source: unix
pcre jit disabled
detected number of CPU cores: 1
current working directory: /home/django/uwsgi
writing pidfile to /home/django/uwsgi/myproject.pid
detected binary path: /usr/local/bin/uwsgi
chdir() to /home/django/mysite
your processes number limit is 3743
your memory page size is 4096 bytes
detected max file descriptor number: 1024
lock engine: pthread robust mutexes
thunder lock: disabled (you can enable it with --thunder-lock)
uwsgi socket 0 bound to UNIX address /tmp/myproject.sock fd 3
Python version: 2.7.12 (default, Nov 19 2016, 06:48:10)  [GCC 5.4.0 20160609]
Set PythonHome to /home/django/myvenv
ImportError: No module named site
VACUUM: pidfile removed.
VACUUM: unix socket /tmp/myproject.sock removed.
*** Starting uWSGI 2.0.14 (64bit) on [Thu Feb 23 23:17:06 2017] ***
compiled with version: 5.4.0 20160609 on 23 February 2017 16:01:15
os: Linux-4.4.0-62-generic #83-Ubuntu SMP Wed Jan 18 14:10:15 UTC 2017
nodename: ubuntu
machine: x86_64
clock source: unix
pcre jit disabled
detected number of CPU cores: 1
current working directory: /home/django/uwsgi
writing pidfile to /home/django/uwsgi/myproject.pid
detected binary path: /usr/local/bin/uwsgi
chdir() to /home/django/mysite
your processes number limit is 3743
your memory page size is 4096 bytes
detected max file descriptor number: 1024
lock engine: pthread robust mutexes
thunder lock: disabled (you can enable it with --thunder-lock)
uwsgi socket 0 bound to UNIX address /tmp/myproject.sock fd 3
Python version: 2.7.12 (default, Nov 19 2016, 06:48:10)  [GCC 5.4.0 20160609]
Set PythonHome to /home/django/myvenv
ImportError: No module named site
VACUUM: pidfile removed.
VACUUM: unix socket /tmp/myproject.sock removed.
*** Starting uWSGI 2.0.14 (64bit) on [Thu Feb 23 23:25:42 2017] ***
compiled with version: 5.4.0 20160609 on 23 February 2017 16:01:15
os: Linux-4.4.0-62-generic #83-Ubuntu SMP Wed Jan 18 14:10:15 UTC 2017
nodename: ubuntu
machine: x86_64
clock source: unix
pcre jit disabled
detected number of CPU cores: 1
current working directory: /home/django/uwsgi
writing pidfile to /home/django/uwsgi/myproject.pid
detected binary path: /usr/local/bin/uwsgi
chdir() to /home/django/mysite
your processes number limit is 3743
your memory page size is 4096 bytes
detected max file descriptor number: 1024
lock engine: pthread robust mutexes
thunder lock: disabled (you can enable it with --thunder-lock)
uwsgi socket 0 bound to UNIX address /tmp/myproject.sock fd 3
Python version: 2.7.12 (default, Nov 19 2016, 06:48:10)  [GCC 5.4.0 20160609]
Set PythonHome to /home/django/myvenv
ImportError: No module named site
VACUUM: pidfile removed.
VACUUM: unix socket /tmp/myproject.sock removed.
*** Starting uWSGI 2.0.14 (64bit) on [Thu Feb 23 23:28:10 2017] ***
compiled with version: 5.4.0 20160609 on 23 February 2017 16:01:15
os: Linux-4.4.0-62-generic #83-Ubuntu SMP Wed Jan 18 14:10:15 UTC 2017
nodename: ubuntu
machine: x86_64
clock source: unix
pcre jit disabled
detected number of CPU cores: 1
current working directory: /home/django/uwsgi
writing pidfile to /home/django/uwsgi/myproject.pid
detected binary path: /usr/local/bin/uwsgi
chdir() to /home/django/mysite
your processes number limit is 3743
your memory page size is 4096 bytes
detected max file descriptor number: 1024
lock engine: pthread robust mutexes
thunder lock: disabled (you can enable it with --thunder-lock)
uwsgi socket 0 bound to UNIX address /tmp/myproject.sock fd 3
Python version: 2.7.12 (default, Nov 19 2016, 06:48:10)  [GCC 5.4.0 20160609]
Set PythonHome to /home/django/myvenv
ImportError: No module named site
VACUUM: pidfile removed.
VACUUM: unix socket /tmp/myproject.sock removed.
*** Starting uWSGI 2.0.14 (64bit) on [Thu Feb 23 23:30:40 2017] ***
compiled with version: 5.4.0 20160609 on 23 February 2017 16:01:15
os: Linux-4.4.0-62-generic #83-Ubuntu SMP Wed Jan 18 14:10:15 UTC 2017
nodename: ubuntu
machine: x86_64
clock source: unix
pcre jit disabled
detected number of CPU cores: 1
current working directory: /home/django/uwsgi
writing pidfile to /home/django/uwsgi/myproject.pid
detected binary path: /usr/local/bin/uwsgi
chdir() to /home/django/mysite
your processes number limit is 3743
your memory page size is 4096 bytes
detected max file descriptor number: 1024
lock engine: pthread robust mutexes
thunder lock: disabled (you can enable it with --thunder-lock)
uwsgi socket 0 bound to UNIX address /tmp/myproject.sock fd 3
Python version: 2.7.12 (default, Nov 19 2016, 06:48:10)  [GCC 5.4.0 20160609]
Set PythonHome to /home/django/myvenv
ImportError: No module named site
VACUUM: pidfile removed.
VACUUM: unix socket /tmp/myproject.sock removed.
*** Starting uWSGI 2.0.14 (64bit) on [Thu Feb 23 23:33:11 2017] ***
compiled with version: 5.4.0 20160609 on 23 February 2017 16:01:15
os: Linux-4.4.0-62-generic #83-Ubuntu SMP Wed Jan 18 14:10:15 UTC 2017
nodename: ubuntu
machine: x86_64
clock source: unix
pcre jit disabled
detected number of CPU cores: 1
current working directory: /home/django/uwsgi
writing pidfile to /home/django/uwsgi/myproject.pid
detected binary path: /usr/local/bin/uwsgi
chdir() to /home/django/mysite
your processes number limit is 3743
your memory page size is 4096 bytes
detected max file descriptor number: 1024
lock engine: pthread robust mutexes
thunder lock: disabled (you can enable it with --thunder-lock)
uwsgi socket 0 bound to UNIX address /tmp/myproject.sock fd 3
Python version: 2.7.12 (default, Nov 19 2016, 06:48:10)  [GCC 5.4.0 20160609]
Set PythonHome to /home/django/myvenv
ImportError: No module named site
VACUUM: pidfile removed.
VACUUM: unix socket /tmp/myproject.sock removed.
*** Starting uWSGI 2.0.14 (64bit) on [Thu Feb 23 23:35:44 2017] ***
compiled with version: 5.4.0 20160609 on 23 February 2017 16:01:15
os: Linux-4.4.0-62-generic #83-Ubuntu SMP Wed Jan 18 14:10:15 UTC 2017
nodename: ubuntu
machine: x86_64
clock source: unix
pcre jit disabled
detected number of CPU cores: 1
current working directory: /home/django/uwsgi
writing pidfile to /home/django/uwsgi/myproject.pid
detected binary path: /usr/local/bin/uwsgi
chdir() to /home/django/mysite
your processes number limit is 3743
your memory page size is 4096 bytes
detected max file descriptor number: 1024
lock engine: pthread robust mutexes
thunder lock: disabled (you can enable it with --thunder-lock)
uwsgi socket 0 bound to UNIX address /tmp/myproject.sock fd 3
Python version: 2.7.12 (default, Nov 19 2016, 06:48:10)  [GCC 5.4.0 20160609]
Set PythonHome to /home/django/myvenv
ImportError: No module named site
VACUUM: pidfile removed.
VACUUM: unix socket /tmp/myproject.sock removed.
*** Starting uWSGI 2.0.14 (64bit) on [Thu Feb 23 23:38:17 2017] ***
compiled with version: 5.4.0 20160609 on 23 February 2017 16:01:15
os: Linux-4.4.0-62-generic #83-Ubuntu SMP Wed Jan 18 14:10:15 UTC 2017
nodename: ubuntu
machine: x86_64
clock source: unix
pcre jit disabled
detected number of CPU cores: 1
current working directory: /home/django/uwsgi
writing pidfile to /home/django/uwsgi/myproject.pid
detected binary path: /usr/local/bin/uwsgi
chdir() to /home/django/mysite
your processes number limit is 3743
your memory page size is 4096 bytes
detected max file descriptor number: 1024
lock engine: pthread robust mutexes
thunder lock: disabled (you can enable it with --thunder-lock)
uwsgi socket 0 bound to UNIX address /tmp/myproject.sock fd 3
Python version: 2.7.12 (default, Nov 19 2016, 06:48:10)  [GCC 5.4.0 20160609]
Set PythonHome to /home/django/myvenv
ImportError: No module named site
VACUUM: pidfile removed.
VACUUM: unix socket /tmp/myproject.sock removed.
*** Starting uWSGI 2.0.14 (64bit) on [Thu Feb 23 23:40:50 2017] ***
compiled with version: 5.4.0 20160609 on 23 February 2017 16:01:15
os: Linux-4.4.0-62-generic #83-Ubuntu SMP Wed Jan 18 14:10:15 UTC 2017
nodename: ubuntu
machine: x86_64
clock source: unix
pcre jit disabled
detected number of CPU cores: 1
current working directory: /home/django/uwsgi
writing pidfile to /home/django/uwsgi/myproject.pid
detected binary path: /usr/local/bin/uwsgi
chdir() to /home/django/mysite
your processes number limit is 3743
your memory page size is 4096 bytes
detected max file descriptor number: 1024
lock engine: pthread robust mutexes
thunder lock: disabled (you can enable it with --thunder-lock)
uwsgi socket 0 bound to UNIX address /tmp/myproject.sock fd 3
Python version: 2.7.12 (default, Nov 19 2016, 06:48:10)  [GCC 5.4.0 20160609]
Set PythonHome to /home/django/myvenv
ImportError: No module named site
VACUUM: pidfile removed.
VACUUM: unix socket /tmp/myproject.sock removed.
*** Starting uWSGI 2.0.14 (64bit) on [Thu Feb 23 23:43:26 2017] ***
compiled with version: 5.4.0 20160609 on 23 February 2017 16:01:15
os: Linux-4.4.0-62-generic #83-Ubuntu SMP Wed Jan 18 14:10:15 UTC 2017
nodename: ubuntu
machine: x86_64
clock source: unix
pcre jit disabled
detected number of CPU cores: 1
current working directory: /home/django/uwsgi
writing pidfile to /home/django/uwsgi/myproject.pid
detected binary path: /usr/local/bin/uwsgi
chdir() to /home/django/mysite
your processes number limit is 3743
your memory page size is 4096 bytes
detected max file descriptor number: 1024
lock engine: pthread robust mutexes
thunder lock: disabled (you can enable it with --thunder-lock)
uwsgi socket 0 bound to UNIX address /tmp/myproject.sock fd 3
Python version: 2.7.12 (default, Nov 19 2016, 06:48:10)  [GCC 5.4.0 20160609]
Set PythonHome to /home/django/myvenv
ImportError: No module named site
VACUUM: pidfile removed.
VACUUM: unix socket /tmp/myproject.sock removed.
*** Starting uWSGI 2.0.14 (64bit) on [Thu Feb 23 23:46:03 2017] ***
compiled with version: 5.4.0 20160609 on 23 February 2017 16:01:15
os: Linux-4.4.0-62-generic #83-Ubuntu SMP Wed Jan 18 14:10:15 UTC 2017
nodename: ubuntu
machine: x86_64
clock source: unix
pcre jit disabled
detected number of CPU cores: 1
current working directory: /home/django/uwsgi
writing pidfile to /home/django/uwsgi/myproject.pid
detected binary path: /usr/local/bin/uwsgi
chdir() to /home/django/mysite
your processes number limit is 3743
your memory page size is 4096 bytes
detected max file descriptor number: 1024
lock engine: pthread robust mutexes
thunder lock: disabled (you can enable it with --thunder-lock)
uwsgi socket 0 bound to UNIX address /tmp/myproject.sock fd 3
Python version: 2.7.12 (default, Nov 19 2016, 06:48:10)  [GCC 5.4.0 20160609]
Set PythonHome to /home/django/myvenv
ImportError: No module named site
VACUUM: pidfile removed.
VACUUM: unix socket /tmp/myproject.sock removed.
*** Starting uWSGI 2.0.14 (64bit) on [Thu Feb 23 23:48:39 2017] ***
compiled with version: 5.4.0 20160609 on 23 February 2017 16:01:15
os: Linux-4.4.0-62-generic #83-Ubuntu SMP Wed Jan 18 14:10:15 UTC 2017
nodename: ubuntu
machine: x86_64
clock source: unix
pcre jit disabled
detected number of CPU cores: 1
current working directory: /home/django/uwsgi
writing pidfile to /home/django/uwsgi/myproject.pid
detected binary path: /usr/local/bin/uwsgi
chdir() to /home/django/mysite
your processes number limit is 3743
your memory page size is 4096 bytes
detected max file descriptor number: 1024
lock engine: pthread robust mutexes
thunder lock: disabled (you can enable it with --thunder-lock)
uwsgi socket 0 bound to UNIX address /tmp/myproject.sock fd 3
Python version: 2.7.12 (default, Nov 19 2016, 06:48:10)  [GCC 5.4.0 20160609]
Set PythonHome to /home/django/myvenv
ImportError: No module named site
VACUUM: pidfile removed.
VACUUM: unix socket /tmp/myproject.sock removed.
*** Starting uWSGI 2.0.14 (64bit) on [Thu Feb 23 23:51:18 2017] ***
compiled with version: 5.4.0 20160609 on 23 February 2017 16:01:15
os: Linux-4.4.0-62-generic #83-Ubuntu SMP Wed Jan 18 14:10:15 UTC 2017
nodename: ubuntu
machine: x86_64
clock source: unix
pcre jit disabled
detected number of CPU cores: 1
current working directory: /home/django/uwsgi
writing pidfile to /home/django/uwsgi/myproject.pid
detected binary path: /usr/local/bin/uwsgi
chdir() to /home/django/mysite
your processes number limit is 3743
your memory page size is 4096 bytes
detected max file descriptor number: 1024
lock engine: pthread robust mutexes
thunder lock: disabled (you can enable it with --thunder-lock)
uwsgi socket 0 bound to UNIX address /tmp/myproject.sock fd 3
Python version: 2.7.12 (default, Nov 19 2016, 06:48:10)  [GCC 5.4.0 20160609]
Set PythonHome to /home/django/myvenv
ImportError: No module named site
VACUUM: pidfile removed.
VACUUM: unix socket /tmp/myproject.sock removed.
*** Starting uWSGI 2.0.14 (64bit) on [Thu Feb 23 23:53:57 2017] ***
compiled with version: 5.4.0 20160609 on 23 February 2017 16:01:15
os: Linux-4.4.0-62-generic #83-Ubuntu SMP Wed Jan 18 14:10:15 UTC 2017
nodename: ubuntu
machine: x86_64
clock source: unix
pcre jit disabled
detected number of CPU cores: 1
current working directory: /home/django/uwsgi
writing pidfile to /home/django/uwsgi/myproject.pid
detected binary path: /usr/local/bin/uwsgi
chdir() to /home/django/mysite
your processes number limit is 3743
your memory page size is 4096 bytes
detected max file descriptor number: 1024
lock engine: pthread robust mutexes
thunder lock: disabled (you can enable it with --thunder-lock)
uwsgi socket 0 bound to UNIX address /tmp/myproject.sock fd 3
Python version: 2.7.12 (default, Nov 19 2016, 06:48:10)  [GCC 5.4.0 20160609]
Set PythonHome to /home/django/myvenv
ImportError: No module named site
VACUUM: pidfile removed.
VACUUM: unix socket /tmp/myproject.sock removed.
*** Starting uWSGI 2.0.14 (64bit) on [Thu Feb 23 23:56:36 2017] ***
compiled with version: 5.4.0 20160609 on 23 February 2017 16:01:15
os: Linux-4.4.0-62-generic #83-Ubuntu SMP Wed Jan 18 14:10:15 UTC 2017
nodename: ubuntu
machine: x86_64
clock source: unix
pcre jit disabled
detected number of CPU cores: 1
current working directory: /home/django/uwsgi
writing pidfile to /home/django/uwsgi/myproject.pid
detected binary path: /usr/local/bin/uwsgi
chdir() to /home/django/mysite
your processes number limit is 3743
your memory page size is 4096 bytes
detected max file descriptor number: 1024
lock engine: pthread robust mutexes
thunder lock: disabled (you can enable it with --thunder-lock)
uwsgi socket 0 bound to UNIX address /tmp/myproject.sock fd 3
Python version: 2.7.12 (default, Nov 19 2016, 06:48:10)  [GCC 5.4.0 20160609]
Set PythonHome to /home/django/myvenv
ImportError: No module named site
VACUUM: pidfile removed.
VACUUM: unix socket /tmp/myproject.sock removed.
*** Starting uWSGI 2.0.14 (64bit) on [Thu Feb 23 23:59:18 2017] ***
compiled with version: 5.4.0 20160609 on 23 February 2017 16:01:15
os: Linux-4.4.0-62-generic #83-Ubuntu SMP Wed Jan 18 14:10:15 UTC 2017
nodename: ubuntu
machine: x86_64
clock source: unix
pcre jit disabled
detected number of CPU cores: 1
current working directory: /home/django/uwsgi
writing pidfile to /home/django/uwsgi/myproject.pid
detected binary path: /usr/local/bin/uwsgi
chdir() to /home/django/mysite
your processes number limit is 3743
your memory page size is 4096 bytes
detected max file descriptor number: 1024
lock engine: pthread robust mutexes
thunder lock: disabled (you can enable it with --thunder-lock)
uwsgi socket 0 bound to UNIX address /tmp/myproject.sock fd 3
Python version: 2.7.12 (default, Nov 19 2016, 06:48:10)  [GCC 5.4.0 20160609]
Set PythonHome to /home/django/myvenv
ImportError: No module named site
VACUUM: pidfile removed.
VACUUM: unix socket /tmp/myproject.sock removed.
*** Starting uWSGI 2.0.14 (64bit) on [Fri Feb 24 00:02:01 2017] ***
compiled with version: 5.4.0 20160609 on 23 February 2017 16:01:15
os: Linux-4.4.0-62-generic #83-Ubuntu SMP Wed Jan 18 14:10:15 UTC 2017
nodename: ubuntu
machine: x86_64
clock source: unix
pcre jit disabled
detected number of CPU cores: 1
current working directory: /home/django/uwsgi
writing pidfile to /home/django/uwsgi/myproject.pid
detected binary path: /usr/local/bin/uwsgi
chdir() to /home/django/mysite
your processes number limit is 3743
your memory page size is 4096 bytes
detected max file descriptor number: 1024
lock engine: pthread robust mutexes
thunder lock: disabled (you can enable it with --thunder-lock)
uwsgi socket 0 bound to UNIX address /tmp/myproject.sock fd 3
Python version: 2.7.12 (default, Nov 19 2016, 06:48:10)  [GCC 5.4.0 20160609]
Set PythonHome to /home/django/myvenv
ImportError: No module named site
VACUUM: pidfile removed.
VACUUM: unix socket /tmp/myproject.sock removed.
*** Starting uWSGI 2.0.14 (64bit) on [Fri Feb 24 00:04:43 2017] ***
compiled with version: 5.4.0 20160609 on 23 February 2017 16:01:15
os: Linux-4.4.0-62-generic #83-Ubuntu SMP Wed Jan 18 14:10:15 UTC 2017
nodename: ubuntu
machine: x86_64
clock source: unix
pcre jit disabled
detected number of CPU cores: 1
current working directory: /home/django/uwsgi
writing pidfile to /home/django/uwsgi/myproject.pid
detected binary path: /usr/local/bin/uwsgi
chdir() to /home/django/mysite
your processes number limit is 3743
your memory page size is 4096 bytes
detected max file descriptor number: 1024
lock engine: pthread robust mutexes
thunder lock: disabled (you can enable it with --thunder-lock)
uwsgi socket 0 bound to UNIX address /tmp/myproject.sock fd 3
Python version: 2.7.12 (default, Nov 19 2016, 06:48:10)  [GCC 5.4.0 20160609]
Set PythonHome to /home/django/myvenv
ImportError: No module named site
VACUUM: pidfile removed.
VACUUM: unix socket /tmp/myproject.sock removed.
*** Starting uWSGI 2.0.14 (64bit) on [Fri Feb 24 00:07:28 2017] ***
compiled with version: 5.4.0 20160609 on 23 February 2017 16:01:15
os: Linux-4.4.0-62-generic #83-Ubuntu SMP Wed Jan 18 14:10:15 UTC 2017
nodename: ubuntu
machine: x86_64
clock source: unix
pcre jit disabled
detected number of CPU cores: 1
current working directory: /home/django/uwsgi
writing pidfile to /home/django/uwsgi/myproject.pid
detected binary path: /usr/local/bin/uwsgi
chdir() to /home/django/mysite
your processes number limit is 3743
your memory page size is 4096 bytes
detected max file descriptor number: 1024
lock engine: pthread robust mutexes
thunder lock: disabled (you can enable it with --thunder-lock)
uwsgi socket 0 bound to UNIX address /tmp/myproject.sock fd 3
Python version: 2.7.12 (default, Nov 19 2016, 06:48:10)  [GCC 5.4.0 20160609]
Set PythonHome to /home/django/myvenv
ImportError: No module named site
VACUUM: pidfile removed.
VACUUM: unix socket /tmp/myproject.sock removed.
*** Starting uWSGI 2.0.14 (64bit) on [Fri Feb 24 00:10:13 2017] ***
compiled with version: 5.4.0 20160609 on 23 February 2017 16:01:15
os: Linux-4.4.0-62-generic #83-Ubuntu SMP Wed Jan 18 14:10:15 UTC 2017
nodename: ubuntu
machine: x86_64
clock source: unix
pcre jit disabled
detected number of CPU cores: 1
current working directory: /home/django/uwsgi
writing pidfile to /home/django/uwsgi/myproject.pid
detected binary path: /usr/local/bin/uwsgi
chdir() to /home/django/mysite
your processes number limit is 3743
your memory page size is 4096 bytes
detected max file descriptor number: 1024
lock engine: pthread robust mutexes
thunder lock: disabled (you can enable it with --thunder-lock)
uwsgi socket 0 bound to UNIX address /tmp/myproject.sock fd 3
Python version: 2.7.12 (default, Nov 19 2016, 06:48:10)  [GCC 5.4.0 20160609]
Set PythonHome to /home/django/myvenv
ImportError: No module named site
VACUUM: pidfile removed.
VACUUM: unix socket /tmp/myproject.sock removed.
*** Starting uWSGI 2.0.14 (64bit) on [Fri Feb 24 00:12:59 2017] ***
compiled with version: 5.4.0 20160609 on 23 February 2017 16:01:15
os: Linux-4.4.0-62-generic #83-Ubuntu SMP Wed Jan 18 14:10:15 UTC 2017
nodename: ubuntu
machine: x86_64
clock source: unix
pcre jit disabled
detected number of CPU cores: 1
current working directory: /home/django/uwsgi
writing pidfile to /home/django/uwsgi/myproject.pid
detected binary path: /usr/local/bin/uwsgi
chdir() to /home/django/mysite
your processes number limit is 3743
your memory page size is 4096 bytes
detected max file descriptor number: 1024
lock engine: pthread robust mutexes
thunder lock: disabled (you can enable it with --thunder-lock)
uwsgi socket 0 bound to UNIX address /tmp/myproject.sock fd 3
Python version: 2.7.12 (default, Nov 19 2016, 06:48:10)  [GCC 5.4.0 20160609]
Set PythonHome to /home/django/myvenv
ImportError: No module named site
VACUUM: pidfile removed.
VACUUM: unix socket /tmp/myproject.sock removed.
*** Starting uWSGI 2.0.14 (64bit) on [Fri Feb 24 00:15:47 2017] ***
compiled with version: 5.4.0 20160609 on 23 February 2017 16:01:15
os: Linux-4.4.0-62-generic #83-Ubuntu SMP Wed Jan 18 14:10:15 UTC 2017
nodename: ubuntu
machine: x86_64
clock source: unix
pcre jit disabled
detected number of CPU cores: 1
current working directory: /home/django/uwsgi
writing pidfile to /home/django/uwsgi/myproject.pid
detected binary path: /usr/local/bin/uwsgi
chdir() to /home/django/mysite
your processes number limit is 3743
your memory page size is 4096 bytes
detected max file descriptor number: 1024
lock engine: pthread robust mutexes
thunder lock: disabled (you can enable it with --thunder-lock)
uwsgi socket 0 bound to UNIX address /tmp/myproject.sock fd 3
Python version: 2.7.12 (default, Nov 19 2016, 06:48:10)  [GCC 5.4.0 20160609]
Set PythonHome to /home/django/myvenv
ImportError: No module named site
VACUUM: pidfile removed.
VACUUM: unix socket /tmp/myproject.sock removed.
*** Starting uWSGI 2.0.14 (64bit) on [Fri Feb 24 00:18:35 2017] ***
compiled with version: 5.4.0 20160609 on 23 February 2017 16:01:15
os: Linux-4.4.0-62-generic #83-Ubuntu SMP Wed Jan 18 14:10:15 UTC 2017
nodename: ubuntu
machine: x86_64
clock source: unix
pcre jit disabled
detected number of CPU cores: 1
current working directory: /home/django/uwsgi
writing pidfile to /home/django/uwsgi/myproject.pid
detected binary path: /usr/local/bin/uwsgi
chdir() to /home/django/mysite
your processes number limit is 3743
your memory page size is 4096 bytes
detected max file descriptor number: 1024
lock engine: pthread robust mutexes
thunder lock: disabled (you can enable it with --thunder-lock)
uwsgi socket 0 bound to UNIX address /tmp/myproject.sock fd 3
Python version: 2.7.12 (default, Nov 19 2016, 06:48:10)  [GCC 5.4.0 20160609]
Set PythonHome to /home/django/myvenv
ImportError: No module named site
VACUUM: pidfile removed.
VACUUM: unix socket /tmp/myproject.sock removed.
*** Starting uWSGI 2.0.14 (64bit) on [Fri Feb 24 00:21:23 2017] ***
compiled with version: 5.4.0 20160609 on 23 February 2017 16:01:15
os: Linux-4.4.0-62-generic #83-Ubuntu SMP Wed Jan 18 14:10:15 UTC 2017
nodename: ubuntu
machine: x86_64
clock source: unix
pcre jit disabled
detected number of CPU cores: 1
current working directory: /home/django/uwsgi
writing pidfile to /home/django/uwsgi/myproject.pid
detected binary path: /usr/local/bin/uwsgi
chdir() to /home/django/mysite
your processes number limit is 3743
your memory page size is 4096 bytes
detected max file descriptor number: 1024
lock engine: pthread robust mutexes
thunder lock: disabled (you can enable it with --thunder-lock)
uwsgi socket 0 bound to UNIX address /tmp/myproject.sock fd 3
Python version: 2.7.12 (default, Nov 19 2016, 06:48:10)  [GCC 5.4.0 20160609]
Set PythonHome to /home/django/myvenv
ImportError: No module named site
VACUUM: pidfile removed.
VACUUM: unix socket /tmp/myproject.sock removed.
*** Starting uWSGI 2.0.14 (64bit) on [Fri Feb 24 00:24:14 2017] ***
compiled with version: 5.4.0 20160609 on 23 February 2017 16:01:15
os: Linux-4.4.0-62-generic #83-Ubuntu SMP Wed Jan 18 14:10:15 UTC 2017
nodename: ubuntu
machine: x86_64
clock source: unix
pcre jit disabled
detected number of CPU cores: 1
current working directory: /home/django/uwsgi
writing pidfile to /home/django/uwsgi/myproject.pid
detected binary path: /usr/local/bin/uwsgi
chdir() to /home/django/mysite
your processes number limit is 3743
your memory page size is 4096 bytes
detected max file descriptor number: 1024
lock engine: pthread robust mutexes
thunder lock: disabled (you can enable it with --thunder-lock)
uwsgi socket 0 bound to UNIX address /tmp/myproject.sock fd 3
Python version: 2.7.12 (default, Nov 19 2016, 06:48:10)  [GCC 5.4.0 20160609]
Set PythonHome to /home/django/myvenv
ImportError: No module named site
VACUUM: pidfile removed.
VACUUM: unix socket /tmp/myproject.sock removed.
*** Starting uWSGI 2.0.14 (64bit) on [Fri Feb 24 00:44:47 2017] ***
compiled with version: 5.4.0 20160609 on 23 February 2017 16:01:15
os: Linux-4.4.0-62-generic #83-Ubuntu SMP Wed Jan 18 14:10:15 UTC 2017
nodename: ubuntu
machine: x86_64
clock source: unix
pcre jit disabled
detected number of CPU cores: 1
current working directory: /home/django/uwsgi
writing pidfile to /home/django/uwsgi/myproject.pid
detected binary path: /usr/local/bin/uwsgi
chdir() to /home/django/mysite
your processes number limit is 3743
your memory page size is 4096 bytes
detected max file descriptor number: 1024
lock engine: pthread robust mutexes
thunder lock: disabled (you can enable it with --thunder-lock)
uwsgi socket 0 bound to UNIX address /tmp/myproject.sock fd 3
Python version: 2.7.12 (default, Nov 19 2016, 06:48:10)  [GCC 5.4.0 20160609]
Set PythonHome to /home/django/myvenv
ImportError: No module named site
VACUUM: pidfile removed.
VACUUM: unix socket /tmp/myproject.sock removed.
*** Starting uWSGI 2.0.14 (64bit) on [Fri Feb 24 12:53:38 2017] ***
compiled with version: 5.4.0 20160609 on 23 February 2017 16:01:15
os: Linux-4.4.0-62-generic #83-Ubuntu SMP Wed Jan 18 14:10:15 UTC 2017
nodename: ubuntu
machine: x86_64
clock source: unix
pcre jit disabled
detected number of CPU cores: 1
current working directory: /home/django/uwsgi
writing pidfile to /home/django/uwsgi/myproject.pid
detected binary path: /usr/local/bin/uwsgi
chdir() to /home/django/mysite
your processes number limit is 3743
your memory page size is 4096 bytes
detected max file descriptor number: 1024
lock engine: pthread robust mutexes
thunder lock: disabled (you can enable it with --thunder-lock)
uwsgi socket 0 bound to UNIX address /tmp/myproject.sock fd 3
Python version: 2.7.12 (default, Nov 19 2016, 06:48:10)  [GCC 5.4.0 20160609]
Set PythonHome to /home/django/myvenv
ImportError: No module named site
VACUUM: pidfile removed.
VACUUM: unix socket /tmp/myproject.sock removed.
*** Starting uWSGI 2.0.14 (64bit) on [Fri Feb 24 12:56:40 2017] ***
compiled with version: 5.4.0 20160609 on 23 February 2017 16:01:15
os: Linux-4.4.0-62-generic #83-Ubuntu SMP Wed Jan 18 14:10:15 UTC 2017
nodename: ubuntu
machine: x86_64
clock source: unix
pcre jit disabled
detected number of CPU cores: 1
current working directory: /home/django/uwsgi
writing pidfile to /home/django/uwsgi/myproject.pid
detected binary path: /usr/local/bin/uwsgi
chdir() to /home/django/mysite
your processes number limit is 3743
your memory page size is 4096 bytes
detected max file descriptor number: 1024
lock engine: pthread robust mutexes
thunder lock: disabled (you can enable it with --thunder-lock)
uwsgi socket 0 bound to UNIX address /tmp/myproject.sock fd 3
Python version: 2.7.12 (default, Nov 19 2016, 06:48:10)  [GCC 5.4.0 20160609]
Set PythonHome to /home/django/myvenv
ImportError: No module named site
VACUUM: pidfile removed.
VACUUM: unix socket /tmp/myproject.sock removed.
*** Starting uWSGI 2.0.14 (64bit) on [Fri Feb 24 12:59:34 2017] ***
compiled with version: 5.4.0 20160609 on 23 February 2017 16:01:15
os: Linux-4.4.0-62-generic #83-Ubuntu SMP Wed Jan 18 14:10:15 UTC 2017
nodename: ubuntu
machine: x86_64
clock source: unix
pcre jit disabled
detected number of CPU cores: 1
current working directory: /home/django/uwsgi
writing pidfile to /home/django/uwsgi/myproject.pid
detected binary path: /usr/local/bin/uwsgi
chdir() to /home/django/mysite
your processes number limit is 3743
your memory page size is 4096 bytes
detected max file descriptor number: 1024
lock engine: pthread robust mutexes
thunder lock: disabled (you can enable it with --thunder-lock)
uwsgi socket 0 bound to UNIX address /tmp/myproject.sock fd 3
Python version: 2.7.12 (default, Nov 19 2016, 06:48:10)  [GCC 5.4.0 20160609]
Set PythonHome to /home/django/myvenv
ImportError: No module named site
VACUUM: pidfile removed.
VACUUM: unix socket /tmp/myproject.sock removed.
*** Starting uWSGI 2.0.14 (64bit) on [Fri Feb 24 13:02:29 2017] ***
compiled with version: 5.4.0 20160609 on 23 February 2017 16:01:15
os: Linux-4.4.0-62-generic #83-Ubuntu SMP Wed Jan 18 14:10:15 UTC 2017
nodename: ubuntu
machine: x86_64
clock source: unix
pcre jit disabled
detected number of CPU cores: 1
current working directory: /home/django/uwsgi
writing pidfile to /home/django/uwsgi/myproject.pid
detected binary path: /usr/local/bin/uwsgi
chdir() to /home/django/mysite
your processes number limit is 3743
your memory page size is 4096 bytes
detected max file descriptor number: 1024
lock engine: pthread robust mutexes
thunder lock: disabled (you can enable it with --thunder-lock)
uwsgi socket 0 bound to UNIX address /tmp/myproject.sock fd 3
Python version: 2.7.12 (default, Nov 19 2016, 06:48:10)  [GCC 5.4.0 20160609]
Set PythonHome to /home/django/myvenv
ImportError: No module named site
VACUUM: pidfile removed.
VACUUM: unix socket /tmp/myproject.sock removed.
*** Starting uWSGI 2.0.14 (64bit) on [Fri Feb 24 13:05:27 2017] ***
compiled with version: 5.4.0 20160609 on 23 February 2017 16:01:15
os: Linux-4.4.0-62-generic #83-Ubuntu SMP Wed Jan 18 14:10:15 UTC 2017
nodename: ubuntu
machine: x86_64
clock source: unix
pcre jit disabled
detected number of CPU cores: 1
current working directory: /home/django/uwsgi
writing pidfile to /home/django/uwsgi/myproject.pid
detected binary path: /usr/local/bin/uwsgi
chdir() to /home/django/mysite
your processes number limit is 3743
your memory page size is 4096 bytes
detected max file descriptor number: 1024
lock engine: pthread robust mutexes
thunder lock: disabled (you can enable it with --thunder-lock)
uwsgi socket 0 bound to UNIX address /tmp/myproject.sock fd 3
Python version: 2.7.12 (default, Nov 19 2016, 06:48:10)  [GCC 5.4.0 20160609]
Set PythonHome to /home/django/myvenv
ImportError: No module named site
VACUUM: pidfile removed.
VACUUM: unix socket /tmp/myproject.sock removed.
*** Starting uWSGI 2.0.14 (64bit) on [Fri Feb 24 13:08:24 2017] ***
compiled with version: 5.4.0 20160609 on 23 February 2017 16:01:15
os: Linux-4.4.0-62-generic #83-Ubuntu SMP Wed Jan 18 14:10:15 UTC 2017
nodename: ubuntu
machine: x86_64
clock source: unix
pcre jit disabled
detected number of CPU cores: 1
current working directory: /home/django/uwsgi
writing pidfile to /home/django/uwsgi/myproject.pid
detected binary path: /usr/local/bin/uwsgi
chdir() to /home/django/mysite
your processes number limit is 3743
your memory page size is 4096 bytes
detected max file descriptor number: 1024
lock engine: pthread robust mutexes
thunder lock: disabled (you can enable it with --thunder-lock)
uwsgi socket 0 bound to UNIX address /tmp/myproject.sock fd 3
Python version: 2.7.12 (default, Nov 19 2016, 06:48:10)  [GCC 5.4.0 20160609]
Set PythonHome to /home/django/myvenv
ImportError: No module named site
VACUUM: pidfile removed.
VACUUM: unix socket /tmp/myproject.sock removed.
*** Starting uWSGI 2.0.14 (64bit) on [Fri Feb 24 13:11:21 2017] ***
compiled with version: 5.4.0 20160609 on 23 February 2017 16:01:15
os: Linux-4.4.0-62-generic #83-Ubuntu SMP Wed Jan 18 14:10:15 UTC 2017
nodename: ubuntu
machine: x86_64
clock source: unix
pcre jit disabled
detected number of CPU cores: 1
current working directory: /home/django/uwsgi
writing pidfile to /home/django/uwsgi/myproject.pid
detected binary path: /usr/local/bin/uwsgi
chdir() to /home/django/mysite
your processes number limit is 3743
your memory page size is 4096 bytes
detected max file descriptor number: 1024
lock engine: pthread robust mutexes
thunder lock: disabled (you can enable it with --thunder-lock)
uwsgi socket 0 bound to UNIX address /tmp/myproject.sock fd 3
Python version: 2.7.12 (default, Nov 19 2016, 06:48:10)  [GCC 5.4.0 20160609]
Set PythonHome to /home/django/myvenv
ImportError: No module named site
VACUUM: pidfile removed.
VACUUM: unix socket /tmp/myproject.sock removed.
*** Starting uWSGI 2.0.14 (64bit) on [Fri Feb 24 13:14:22 2017] ***
compiled with version: 5.4.0 20160609 on 23 February 2017 16:01:15
os: Linux-4.4.0-62-generic #83-Ubuntu SMP Wed Jan 18 14:10:15 UTC 2017
nodename: ubuntu
machine: x86_64
clock source: unix
pcre jit disabled
detected number of CPU cores: 1
current working directory: /home/django/uwsgi
writing pidfile to /home/django/uwsgi/myproject.pid
detected binary path: /usr/local/bin/uwsgi
chdir() to /home/django/mysite
your processes number limit is 3743
your memory page size is 4096 bytes
detected max file descriptor number: 1024
lock engine: pthread robust mutexes
thunder lock: disabled (you can enable it with --thunder-lock)
uwsgi socket 0 bound to UNIX address /tmp/myproject.sock fd 3
Python version: 2.7.12 (default, Nov 19 2016, 06:48:10)  [GCC 5.4.0 20160609]
Set PythonHome to /home/django/myvenv
ImportError: No module named site
VACUUM: pidfile removed.
VACUUM: unix socket /tmp/myproject.sock removed.
*** Starting uWSGI 2.0.14 (64bit) on [Fri Feb 24 13:17:23 2017] ***
compiled with version: 5.4.0 20160609 on 23 February 2017 16:01:15
os: Linux-4.4.0-62-generic #83-Ubuntu SMP Wed Jan 18 14:10:15 UTC 2017
nodename: ubuntu
machine: x86_64
clock source: unix
pcre jit disabled
detected number of CPU cores: 1
current working directory: /home/django/uwsgi
writing pidfile to /home/django/uwsgi/myproject.pid
detected binary path: /usr/local/bin/uwsgi
chdir() to /home/django/mysite
your processes number limit is 3743
your memory page size is 4096 bytes
detected max file descriptor number: 1024
lock engine: pthread robust mutexes
thunder lock: disabled (you can enable it with --thunder-lock)
uwsgi socket 0 bound to UNIX address /tmp/myproject.sock fd 3
Python version: 2.7.12 (default, Nov 19 2016, 06:48:10)  [GCC 5.4.0 20160609]
Set PythonHome to /home/django/myvenv
ImportError: No module named site
VACUUM: pidfile removed.
VACUUM: unix socket /tmp/myproject.sock removed.
